{"/Users/one19/Fundamentals/js/oBay/test.js":{"path":"/Users/one19/Fundamentals/js/oBay/test.js","s":{"1":1,"2":1,"3":1,"4":1,"5":1,"6":1,"7":1,"8":1,"9":1,"10":3,"11":0,"12":3,"13":0,"14":3,"15":0,"16":3,"17":3,"18":1,"19":1,"20":1,"21":1,"22":1,"23":1},"b":{"1":[0,3],"2":[0,3],"3":[0,3]},"f":{"1":3,"2":3},"fnMap":{"1":{"name":"(anonymous_1)","line":12,"loc":{"start":{"line":12,"column":45},"end":{"line":12,"column":60}}},"2":{"name":"(anonymous_2)","line":17,"loc":{"start":{"line":17,"column":15},"end":{"line":17,"column":30}}}},"statementMap":{"1":{"start":{"line":1,"column":0},"end":{"line":1,"column":25}},"2":{"start":{"line":2,"column":0},"end":{"line":2,"column":29}},"3":{"start":{"line":3,"column":0},"end":{"line":3,"column":34}},"4":{"start":{"line":5,"column":0},"end":{"line":5,"column":36}},"5":{"start":{"line":6,"column":0},"end":{"line":6,"column":34}},"6":{"start":{"line":7,"column":0},"end":{"line":7,"column":34}},"7":{"start":{"line":9,"column":0},"end":{"line":28,"column":3}},"8":{"start":{"line":10,"column":2},"end":{"line":27,"column":5}},"9":{"start":{"line":12,"column":4},"end":{"line":19,"column":7}},"10":{"start":{"line":13,"column":6},"end":{"line":13,"column":44}},"11":{"start":{"line":13,"column":31},"end":{"line":13,"column":44}},"12":{"start":{"line":14,"column":6},"end":{"line":14,"column":44}},"13":{"start":{"line":14,"column":31},"end":{"line":14,"column":44}},"14":{"start":{"line":15,"column":6},"end":{"line":15,"column":49}},"15":{"start":{"line":15,"column":36},"end":{"line":15,"column":49}},"16":{"start":{"line":16,"column":6},"end":{"line":16,"column":33}},"17":{"start":{"line":18,"column":6},"end":{"line":18,"column":45}},"18":{"start":{"line":22,"column":4},"end":{"line":22,"column":46}},"19":{"start":{"line":22,"column":27},"end":{"line":22,"column":44}},"20":{"start":{"line":23,"column":4},"end":{"line":23,"column":55}},"21":{"start":{"line":23,"column":27},"end":{"line":23,"column":53}},"22":{"start":{"line":24,"column":4},"end":{"line":26,"column":7}},"23":{"start":{"line":25,"column":6},"end":{"line":25,"column":41}}},"branchMap":{"1":{"line":13,"type":"if","locations":[{"start":{"line":13,"column":6},"end":{"line":13,"column":6}},{"start":{"line":13,"column":6},"end":{"line":13,"column":6}}]},"2":{"line":14,"type":"if","locations":[{"start":{"line":14,"column":6},"end":{"line":14,"column":6}},{"start":{"line":14,"column":6},"end":{"line":14,"column":6}}]},"3":{"line":15,"type":"if","locations":[{"start":{"line":15,"column":6},"end":{"line":15,"column":6}},{"start":{"line":15,"column":6},"end":{"line":15,"column":6}}]}}},"/Users/one19/Fundamentals/js/oBay/setup.js":{"path":"/Users/one19/Fundamentals/js/oBay/setup.js","s":{"1":1,"2":1,"3":1,"4":1,"5":3,"6":1,"7":1,"8":0,"9":0,"10":0,"11":0,"12":1,"13":3},"b":{"1":[0,0]},"f":{},"fnMap":{},"statementMap":{"1":{"start":{"line":1,"column":0},"end":{"line":1,"column":25}},"2":{"start":{"line":2,"column":0},"end":{"line":2,"column":29}},"3":{"start":{"line":4,"column":0},"end":{"line":4,"column":33}},"4":{"start":{"line":6,"column":0},"end":{"line":8,"column":3}},"5":{"start":{"line":7,"column":2},"end":{"line":7,"column":67}},"6":{"start":{"line":10,"column":0},"end":{"line":20,"column":2}},"7":{"start":{"line":11,"column":2},"end":{"line":19,"column":4}},"8":{"start":{"line":13,"column":4},"end":{"line":13,"column":38}},"9":{"start":{"line":14,"column":4},"end":{"line":14,"column":88}},"10":{"start":{"line":14,"column":81},"end":{"line":14,"column":88}},"11":{"start":{"line":15,"column":4},"end":{"line":15,"column":14}},"12":{"start":{"line":18,"column":4},"end":{"line":18,"column":52}},"13":{"start":{"line":18,"column":43},"end":{"line":18,"column":50}}},"branchMap":{"1":{"line":14,"type":"if","locations":[{"start":{"line":14,"column":4},"end":{"line":14,"column":4}},{"start":{"line":14,"column":4},"end":{"line":14,"column":4}}]}}},"/Users/one19/Fundamentals/js/oBay/lib/db.js":{"path":"/Users/one19/Fundamentals/js/oBay/lib/db.js","s":{"1":1,"2":1,"3":1,"4":1,"5":1},"b":{},"f":{},"fnMap":{},"statementMap":{"1":{"start":{"line":1,"column":0},"end":{"line":1,"column":38}},"2":{"start":{"line":2,"column":0},"end":{"line":2,"column":38}},"3":{"start":{"line":3,"column":0},"end":{"line":3,"column":41}},"4":{"start":{"line":5,"column":0},"end":{"line":5,"column":85}},"5":{"start":{"line":7,"column":0},"end":{"line":7,"column":19}}},"branchMap":{}},"/Users/one19/Fundamentals/js/oBay/tables/note.js":{"path":"/Users/one19/Fundamentals/js/oBay/tables/note.js","s":{"1":1,"2":1,"3":1,"4":0,"5":0,"6":0,"7":1},"b":{"1":[0,0]},"f":{},"fnMap":{},"statementMap":{"1":{"start":{"line":1,"column":0},"end":{"line":1,"column":35}},"2":{"start":{"line":3,"column":0},"end":{"line":17,"column":1}},"3":{"start":{"line":4,"column":2},"end":{"line":11,"column":4}},"4":{"start":{"line":6,"column":4},"end":{"line":6,"column":111}},"5":{"start":{"line":6,"column":104},"end":{"line":6,"column":111}},"6":{"start":{"line":7,"column":4},"end":{"line":7,"column":14}},"7":{"start":{"line":10,"column":4},"end":{"line":10,"column":34}}},"branchMap":{"1":{"line":6,"type":"if","locations":[{"start":{"line":6,"column":4},"end":{"line":6,"column":4}},{"start":{"line":6,"column":4},"end":{"line":6,"column":4}}]}}},"/Users/one19/Fundamentals/js/oBay/tables/user.js":{"path":"/Users/one19/Fundamentals/js/oBay/tables/user.js","s":{"1":1,"2":1,"3":1,"4":0,"5":0,"6":0,"7":1},"b":{"1":[0,0]},"f":{},"fnMap":{},"statementMap":{"1":{"start":{"line":1,"column":0},"end":{"line":1,"column":35}},"2":{"start":{"line":3,"column":0},"end":{"line":17,"column":1}},"3":{"start":{"line":4,"column":2},"end":{"line":11,"column":4}},"4":{"start":{"line":6,"column":4},"end":{"line":6,"column":111}},"5":{"start":{"line":6,"column":104},"end":{"line":6,"column":111}},"6":{"start":{"line":7,"column":4},"end":{"line":7,"column":14}},"7":{"start":{"line":10,"column":4},"end":{"line":10,"column":34}}},"branchMap":{"1":{"line":6,"type":"if","locations":[{"start":{"line":6,"column":4},"end":{"line":6,"column":4}},{"start":{"line":6,"column":4},"end":{"line":6,"column":4}}]}}},"/Users/one19/Fundamentals/js/oBay/tables/word.js":{"path":"/Users/one19/Fundamentals/js/oBay/tables/word.js","s":{"1":1,"2":1,"3":1,"4":0,"5":0,"6":0,"7":1},"b":{"1":[0,0]},"f":{},"fnMap":{},"statementMap":{"1":{"start":{"line":1,"column":0},"end":{"line":1,"column":35}},"2":{"start":{"line":3,"column":0},"end":{"line":17,"column":1}},"3":{"start":{"line":4,"column":2},"end":{"line":11,"column":4}},"4":{"start":{"line":6,"column":4},"end":{"line":6,"column":111}},"5":{"start":{"line":6,"column":104},"end":{"line":6,"column":111}},"6":{"start":{"line":7,"column":4},"end":{"line":7,"column":14}},"7":{"start":{"line":10,"column":4},"end":{"line":10,"column":34}}},"branchMap":{"1":{"line":6,"type":"if","locations":[{"start":{"line":6,"column":4},"end":{"line":6,"column":4}},{"start":{"line":6,"column":4},"end":{"line":6,"column":4}}]}}},"/Users/one19/Fundamentals/js/oBay/index.js":{"path":"/Users/one19/Fundamentals/js/oBay/index.js","s":{"1":1,"2":1,"3":1,"4":1,"5":1,"6":1,"7":1,"8":1,"9":1,"10":1,"11":3,"12":3,"13":3,"14":1,"15":0,"16":1},"b":{},"f":{"1":0},"fnMap":{"1":{"name":"(anonymous_1)","line":20,"loc":{"start":{"line":20,"column":33},"end":{"line":20,"column":53}}}},"statementMap":{"1":{"start":{"line":1,"column":0},"end":{"line":1,"column":23}},"2":{"start":{"line":2,"column":0},"end":{"line":2,"column":35}},"3":{"start":{"line":3,"column":0},"end":{"line":3,"column":25}},"4":{"start":{"line":4,"column":0},"end":{"line":4,"column":29}},"5":{"start":{"line":6,"column":0},"end":{"line":6,"column":35}},"6":{"start":{"line":7,"column":0},"end":{"line":7,"column":51}},"7":{"start":{"line":9,"column":0},"end":{"line":9,"column":30}},"8":{"start":{"line":10,"column":0},"end":{"line":10,"column":31}},"9":{"start":{"line":12,"column":0},"end":{"line":12,"column":37}},"10":{"start":{"line":14,"column":0},"end":{"line":18,"column":3}},"11":{"start":{"line":15,"column":2},"end":{"line":15,"column":73}},"12":{"start":{"line":16,"column":2},"end":{"line":16,"column":18}},"13":{"start":{"line":17,"column":2},"end":{"line":17,"column":15}},"14":{"start":{"line":20,"column":0},"end":{"line":22,"column":3}},"15":{"start":{"line":21,"column":2},"end":{"line":21,"column":76}},"16":{"start":{"line":24,"column":0},"end":{"line":24,"column":21}}},"branchMap":{}},"/Users/one19/Fundamentals/js/oBay/env.js":{"path":"/Users/one19/Fundamentals/js/oBay/env.js","s":{"1":1,"2":1},"b":{},"f":{},"fnMap":{},"statementMap":{"1":{"start":{"line":1,"column":0},"end":{"line":1,"column":41}},"2":{"start":{"line":3,"column":0},"end":{"line":8,"column":3}}},"branchMap":{}},"/Users/one19/Fundamentals/js/oBay/routes/note.js":{"path":"/Users/one19/Fundamentals/js/oBay/routes/note.js","s":{"1":1,"2":1,"3":1,"4":128,"5":0,"6":0,"7":0,"8":1,"9":128,"10":128,"11":1,"12":1,"13":127,"14":1,"15":1,"16":14,"17":1,"18":4,"19":1,"20":106,"21":1,"22":2,"23":1,"24":2,"25":1,"26":1,"27":5,"28":5,"29":228,"30":5,"31":223,"32":10,"33":213},"b":{"1":[1,127],"2":[128,2],"3":[5,223],"4":[10,213]},"f":{},"fnMap":{},"statementMap":{"1":{"start":{"line":1,"column":0},"end":{"line":1,"column":28}},"2":{"start":{"line":2,"column":0},"end":{"line":2,"column":47}},"3":{"start":{"line":4,"column":0},"end":{"line":10,"column":2}},"4":{"start":{"line":5,"column":2},"end":{"line":9,"column":3}},"5":{"start":{"line":6,"column":4},"end":{"line":6,"column":46}},"6":{"start":{"line":7,"column":4},"end":{"line":7,"column":20}},"7":{"start":{"line":8,"column":4},"end":{"line":8,"column":18}},"8":{"start":{"line":12,"column":0},"end":{"line":18,"column":2}},"9":{"start":{"line":12,"column":23},"end":{"line":18,"column":1}},"10":{"start":{"line":13,"column":2},"end":{"line":16,"column":3}},"11":{"start":{"line":14,"column":4},"end":{"line":14,"column":20}},"12":{"start":{"line":15,"column":4},"end":{"line":15,"column":57}},"13":{"start":{"line":17,"column":2},"end":{"line":17,"column":41}},"14":{"start":{"line":20,"column":0},"end":{"line":65,"column":2}},"15":{"start":{"line":22,"column":4},"end":{"line":26,"column":7}},"16":{"start":{"line":23,"column":6},"end":{"line":25,"column":38}},"17":{"start":{"line":28,"column":4},"end":{"line":32,"column":7}},"18":{"start":{"line":29,"column":6},"end":{"line":31,"column":38}},"19":{"start":{"line":34,"column":4},"end":{"line":38,"column":7}},"20":{"start":{"line":35,"column":6},"end":{"line":37,"column":38}},"21":{"start":{"line":40,"column":4},"end":{"line":44,"column":7}},"22":{"start":{"line":41,"column":6},"end":{"line":43,"column":38}},"23":{"start":{"line":46,"column":4},"end":{"line":50,"column":7}},"24":{"start":{"line":47,"column":6},"end":{"line":49,"column":38}},"25":{"start":{"line":53,"column":4},"end":{"line":53,"column":32}},"26":{"start":{"line":54,"column":4},"end":{"line":63,"column":7}},"27":{"start":{"line":55,"column":6},"end":{"line":62,"column":9}},"28":{"start":{"line":57,"column":8},"end":{"line":61,"column":11}},"29":{"start":{"line":58,"column":10},"end":{"line":58,"column":28}},"30":{"start":{"line":58,"column":21},"end":{"line":58,"column":28}},"31":{"start":{"line":59,"column":10},"end":{"line":59,"column":60}},"32":{"start":{"line":59,"column":26},"end":{"line":59,"column":60}},"33":{"start":{"line":60,"column":10},"end":{"line":60,"column":38}}},"branchMap":{"1":{"line":13,"type":"if","locations":[{"start":{"line":13,"column":2},"end":{"line":13,"column":2}},{"start":{"line":13,"column":2},"end":{"line":13,"column":2}}]},"2":{"line":13,"type":"binary-expr","locations":[{"start":{"line":13,"column":6},"end":{"line":13,"column":18}},{"start":{"line":13,"column":22},"end":{"line":13,"column":33}}]},"3":{"line":58,"type":"if","locations":[{"start":{"line":58,"column":10},"end":{"line":58,"column":10}},{"start":{"line":58,"column":10},"end":{"line":58,"column":10}}]},"4":{"line":59,"type":"if","locations":[{"start":{"line":59,"column":10},"end":{"line":59,"column":10}},{"start":{"line":59,"column":10},"end":{"line":59,"column":10}}]}}},"/Users/one19/Fundamentals/js/oBay/controllers/note.js":{"path":"/Users/one19/Fundamentals/js/oBay/controllers/note.js","s":{"1":1,"2":1,"3":1,"4":1,"5":1,"6":1,"7":110,"8":1,"9":1,"10":18,"11":36,"12":36,"13":1,"14":18,"15":34,"16":34,"17":2,"18":2,"19":1,"20":1,"21":31,"22":34,"23":1,"24":18,"25":34,"26":34,"27":34,"28":34,"29":15,"30":34,"31":1,"32":18,"33":1,"34":18,"35":18,"36":4,"37":4,"38":14,"39":14,"40":14,"41":14,"42":42,"43":9,"44":3,"45":6,"46":42,"47":14,"48":28,"49":14,"50":15,"51":14,"52":15,"53":15,"54":15,"55":2,"56":15,"57":0,"58":15,"59":5,"60":5,"61":1,"62":4,"63":4,"64":4,"65":4,"66":1,"67":4,"68":4,"69":106,"70":106,"71":0,"72":106,"73":2,"74":2,"75":0,"76":2,"77":2,"78":2},"b":{"1":[110,2],"2":[2,1,31],"3":[15,19],"4":[4,14],"5":[9,33],"6":[3,6],"7":[2,13],"8":[15,2],"9":[0,15],"10":[15,0],"11":[1,4],"12":[5,5],"13":[1,3],"14":[0,106],"15":[0,2]},"f":{},"fnMap":{},"statementMap":{"1":{"start":{"line":1,"column":0},"end":{"line":1,"column":29}},"2":{"start":{"line":2,"column":0},"end":{"line":2,"column":28}},"3":{"start":{"line":4,"column":0},"end":{"line":4,"column":35}},"4":{"start":{"line":5,"column":0},"end":{"line":5,"column":47}},"5":{"start":{"line":6,"column":0},"end":{"line":6,"column":30}},"6":{"start":{"line":8,"column":0},"end":{"line":13,"column":1}},"7":{"start":{"line":9,"column":2},"end":{"line":12,"column":3}},"8":{"start":{"line":15,"column":0},"end":{"line":15,"column":50}},"9":{"start":{"line":17,"column":0},"end":{"line":20,"column":1}},"10":{"start":{"line":17,"column":28},"end":{"line":20,"column":1}},"11":{"start":{"line":18,"column":2},"end":{"line":18,"column":25}},"12":{"start":{"line":19,"column":2},"end":{"line":19,"column":10}},"13":{"start":{"line":22,"column":0},"end":{"line":37,"column":1}},"14":{"start":{"line":23,"column":2},"end":{"line":36,"column":9}},"15":{"start":{"line":24,"column":4},"end":{"line":24,"column":28}},"16":{"start":{"line":25,"column":4},"end":{"line":34,"column":5}},"17":{"start":{"line":27,"column":8},"end":{"line":27,"column":20}},"18":{"start":{"line":28,"column":8},"end":{"line":28,"column":14}},"19":{"start":{"line":30,"column":8},"end":{"line":30,"column":21}},"20":{"start":{"line":31,"column":8},"end":{"line":31,"column":14}},"21":{"start":{"line":33,"column":8},"end":{"line":33,"column":21}},"22":{"start":{"line":35,"column":4},"end":{"line":35,"column":13}},"23":{"start":{"line":39,"column":0},"end":{"line":47,"column":1}},"24":{"start":{"line":40,"column":2},"end":{"line":46,"column":9}},"25":{"start":{"line":41,"column":4},"end":{"line":41,"column":28}},"26":{"start":{"line":42,"column":4},"end":{"line":42,"column":30}},"27":{"start":{"line":43,"column":4},"end":{"line":43,"column":17}},"28":{"start":{"line":44,"column":4},"end":{"line":44,"column":32}},"29":{"start":{"line":44,"column":21},"end":{"line":44,"column":32}},"30":{"start":{"line":45,"column":4},"end":{"line":45,"column":13}},"31":{"start":{"line":49,"column":0},"end":{"line":51,"column":1}},"32":{"start":{"line":50,"column":2},"end":{"line":50,"column":46}},"33":{"start":{"line":53,"column":0},"end":{"line":130,"column":2}},"34":{"start":{"line":55,"column":4},"end":{"line":55,"column":36}},"35":{"start":{"line":57,"column":4},"end":{"line":60,"column":5}},"36":{"start":{"line":58,"column":6},"end":{"line":59,"column":45}},"37":{"start":{"line":59,"column":21},"end":{"line":59,"column":42}},"38":{"start":{"line":62,"column":4},"end":{"line":62,"column":77}},"39":{"start":{"line":64,"column":4},"end":{"line":64,"column":66}},"40":{"start":{"line":65,"column":4},"end":{"line":65,"column":53}},"41":{"start":{"line":67,"column":4},"end":{"line":76,"column":22}},"42":{"start":{"line":68,"column":6},"end":{"line":74,"column":7}},"43":{"start":{"line":69,"column":8},"end":{"line":73,"column":9}},"44":{"start":{"line":70,"column":10},"end":{"line":70,"column":54}},"45":{"start":{"line":72,"column":10},"end":{"line":72,"column":36}},"46":{"start":{"line":75,"column":6},"end":{"line":75,"column":15}},"47":{"start":{"line":78,"column":4},"end":{"line":81,"column":33}},"48":{"start":{"line":81,"column":18},"end":{"line":81,"column":31}},"49":{"start":{"line":83,"column":4},"end":{"line":92,"column":7}},"50":{"start":{"line":83,"column":46},"end":{"line":83,"column":55}},"51":{"start":{"line":85,"column":6},"end":{"line":91,"column":25}},"52":{"start":{"line":86,"column":8},"end":{"line":86,"column":41}},"53":{"start":{"line":87,"column":8},"end":{"line":87,"column":31}},"54":{"start":{"line":88,"column":8},"end":{"line":88,"column":65}},"55":{"start":{"line":88,"column":43},"end":{"line":88,"column":65}},"56":{"start":{"line":89,"column":8},"end":{"line":89,"column":75}},"57":{"start":{"line":89,"column":53},"end":{"line":89,"column":75}},"58":{"start":{"line":90,"column":8},"end":{"line":90,"column":24}},"59":{"start":{"line":95,"column":4},"end":{"line":95,"column":36}},"60":{"start":{"line":96,"column":4},"end":{"line":98,"column":5}},"61":{"start":{"line":97,"column":6},"end":{"line":97,"column":93}},"62":{"start":{"line":100,"column":4},"end":{"line":100,"column":37}},"63":{"start":{"line":102,"column":4},"end":{"line":102,"column":66}},"64":{"start":{"line":104,"column":4},"end":{"line":107,"column":58}},"65":{"start":{"line":105,"column":6},"end":{"line":105,"column":50}},"66":{"start":{"line":105,"column":24},"end":{"line":105,"column":50}},"67":{"start":{"line":106,"column":6},"end":{"line":106,"column":15}},"68":{"start":{"line":109,"column":4},"end":{"line":109,"column":76}},"69":{"start":{"line":112,"column":4},"end":{"line":112,"column":33}},"70":{"start":{"line":113,"column":4},"end":{"line":113,"column":45}},"71":{"start":{"line":113,"column":16},"end":{"line":113,"column":45}},"72":{"start":{"line":114,"column":4},"end":{"line":115,"column":23}},"73":{"start":{"line":118,"column":4},"end":{"line":118,"column":33}},"74":{"start":{"line":119,"column":4},"end":{"line":119,"column":45}},"75":{"start":{"line":119,"column":16},"end":{"line":119,"column":45}},"76":{"start":{"line":120,"column":4},"end":{"line":121,"column":23}},"77":{"start":{"line":124,"column":4},"end":{"line":128,"column":23}},"78":{"start":{"line":126,"column":6},"end":{"line":126,"column":17}}},"branchMap":{"1":{"line":10,"type":"binary-expr","locations":[{"start":{"line":10,"column":12},"end":{"line":10,"column":34}},{"start":{"line":10,"column":38},"end":{"line":10,"column":52}}]},"2":{"line":25,"type":"switch","locations":[{"start":{"line":26,"column":6},"end":{"line":28,"column":14}},{"start":{"line":29,"column":6},"end":{"line":31,"column":14}},{"start":{"line":32,"column":6},"end":{"line":33,"column":21}}]},"3":{"line":44,"type":"if","locations":[{"start":{"line":44,"column":4},"end":{"line":44,"column":4}},{"start":{"line":44,"column":4},"end":{"line":44,"column":4}}]},"4":{"line":57,"type":"if","locations":[{"start":{"line":57,"column":4},"end":{"line":57,"column":4}},{"start":{"line":57,"column":4},"end":{"line":57,"column":4}}]},"5":{"line":68,"type":"if","locations":[{"start":{"line":68,"column":6},"end":{"line":68,"column":6}},{"start":{"line":68,"column":6},"end":{"line":68,"column":6}}]},"6":{"line":69,"type":"if","locations":[{"start":{"line":69,"column":8},"end":{"line":69,"column":8}},{"start":{"line":69,"column":8},"end":{"line":69,"column":8}}]},"7":{"line":88,"type":"if","locations":[{"start":{"line":88,"column":8},"end":{"line":88,"column":8}},{"start":{"line":88,"column":8},"end":{"line":88,"column":8}}]},"8":{"line":88,"type":"binary-expr","locations":[{"start":{"line":88,"column":12},"end":{"line":88,"column":27}},{"start":{"line":88,"column":31},"end":{"line":88,"column":41}}]},"9":{"line":89,"type":"if","locations":[{"start":{"line":89,"column":8},"end":{"line":89,"column":8}},{"start":{"line":89,"column":8},"end":{"line":89,"column":8}}]},"10":{"line":89,"type":"binary-expr","locations":[{"start":{"line":89,"column":12},"end":{"line":89,"column":30}},{"start":{"line":89,"column":34},"end":{"line":89,"column":51}}]},"11":{"line":96,"type":"if","locations":[{"start":{"line":96,"column":4},"end":{"line":96,"column":4}},{"start":{"line":96,"column":4},"end":{"line":96,"column":4}}]},"12":{"line":96,"type":"binary-expr","locations":[{"start":{"line":96,"column":8},"end":{"line":96,"column":14}},{"start":{"line":96,"column":18},"end":{"line":96,"column":27}}]},"13":{"line":105,"type":"if","locations":[{"start":{"line":105,"column":6},"end":{"line":105,"column":6}},{"start":{"line":105,"column":6},"end":{"line":105,"column":6}}]},"14":{"line":113,"type":"if","locations":[{"start":{"line":113,"column":4},"end":{"line":113,"column":4}},{"start":{"line":113,"column":4},"end":{"line":113,"column":4}}]},"15":{"line":119,"type":"if","locations":[{"start":{"line":119,"column":4},"end":{"line":119,"column":4}},{"start":{"line":119,"column":4},"end":{"line":119,"column":4}}]}}},"/Users/one19/Fundamentals/js/oBay/routes/user.js":{"path":"/Users/one19/Fundamentals/js/oBay/routes/user.js","s":{"1":1,"2":1,"3":1,"4":128,"5":0,"6":0,"7":0,"8":1,"9":128,"10":128,"11":1,"12":1,"13":127,"14":1,"15":1,"16":14,"17":1,"18":4,"19":1,"20":106,"21":1,"22":2,"23":1,"24":2,"25":1,"26":1,"27":5,"28":5,"29":228,"30":5,"31":223,"32":10,"33":213},"b":{"1":[1,127],"2":[128,2],"3":[5,223],"4":[10,213]},"f":{},"fnMap":{},"statementMap":{"1":{"start":{"line":1,"column":0},"end":{"line":1,"column":28}},"2":{"start":{"line":2,"column":0},"end":{"line":2,"column":47}},"3":{"start":{"line":4,"column":0},"end":{"line":10,"column":2}},"4":{"start":{"line":5,"column":2},"end":{"line":9,"column":3}},"5":{"start":{"line":6,"column":4},"end":{"line":6,"column":46}},"6":{"start":{"line":7,"column":4},"end":{"line":7,"column":20}},"7":{"start":{"line":8,"column":4},"end":{"line":8,"column":18}},"8":{"start":{"line":12,"column":0},"end":{"line":18,"column":2}},"9":{"start":{"line":12,"column":23},"end":{"line":18,"column":1}},"10":{"start":{"line":13,"column":2},"end":{"line":16,"column":3}},"11":{"start":{"line":14,"column":4},"end":{"line":14,"column":20}},"12":{"start":{"line":15,"column":4},"end":{"line":15,"column":57}},"13":{"start":{"line":17,"column":2},"end":{"line":17,"column":41}},"14":{"start":{"line":20,"column":0},"end":{"line":65,"column":2}},"15":{"start":{"line":22,"column":4},"end":{"line":26,"column":7}},"16":{"start":{"line":23,"column":6},"end":{"line":25,"column":38}},"17":{"start":{"line":28,"column":4},"end":{"line":32,"column":7}},"18":{"start":{"line":29,"column":6},"end":{"line":31,"column":38}},"19":{"start":{"line":34,"column":4},"end":{"line":38,"column":7}},"20":{"start":{"line":35,"column":6},"end":{"line":37,"column":38}},"21":{"start":{"line":40,"column":4},"end":{"line":44,"column":7}},"22":{"start":{"line":41,"column":6},"end":{"line":43,"column":38}},"23":{"start":{"line":46,"column":4},"end":{"line":50,"column":7}},"24":{"start":{"line":47,"column":6},"end":{"line":49,"column":38}},"25":{"start":{"line":53,"column":4},"end":{"line":53,"column":32}},"26":{"start":{"line":54,"column":4},"end":{"line":63,"column":7}},"27":{"start":{"line":55,"column":6},"end":{"line":62,"column":9}},"28":{"start":{"line":57,"column":8},"end":{"line":61,"column":11}},"29":{"start":{"line":58,"column":10},"end":{"line":58,"column":28}},"30":{"start":{"line":58,"column":21},"end":{"line":58,"column":28}},"31":{"start":{"line":59,"column":10},"end":{"line":59,"column":60}},"32":{"start":{"line":59,"column":26},"end":{"line":59,"column":60}},"33":{"start":{"line":60,"column":10},"end":{"line":60,"column":38}}},"branchMap":{"1":{"line":13,"type":"if","locations":[{"start":{"line":13,"column":2},"end":{"line":13,"column":2}},{"start":{"line":13,"column":2},"end":{"line":13,"column":2}}]},"2":{"line":13,"type":"binary-expr","locations":[{"start":{"line":13,"column":6},"end":{"line":13,"column":18}},{"start":{"line":13,"column":22},"end":{"line":13,"column":33}}]},"3":{"line":58,"type":"if","locations":[{"start":{"line":58,"column":10},"end":{"line":58,"column":10}},{"start":{"line":58,"column":10},"end":{"line":58,"column":10}}]},"4":{"line":59,"type":"if","locations":[{"start":{"line":59,"column":10},"end":{"line":59,"column":10}},{"start":{"line":59,"column":10},"end":{"line":59,"column":10}}]}}},"/Users/one19/Fundamentals/js/oBay/controllers/user.js":{"path":"/Users/one19/Fundamentals/js/oBay/controllers/user.js","s":{"1":1,"2":1,"3":1,"4":1,"5":1,"6":1,"7":110,"8":1,"9":1,"10":18,"11":36,"12":36,"13":1,"14":18,"15":34,"16":34,"17":2,"18":2,"19":1,"20":1,"21":31,"22":34,"23":1,"24":18,"25":34,"26":34,"27":34,"28":34,"29":15,"30":34,"31":1,"32":18,"33":1,"34":18,"35":18,"36":4,"37":4,"38":14,"39":14,"40":14,"41":14,"42":42,"43":9,"44":3,"45":6,"46":42,"47":14,"48":28,"49":14,"50":15,"51":14,"52":15,"53":15,"54":15,"55":2,"56":15,"57":0,"58":15,"59":5,"60":5,"61":1,"62":4,"63":4,"64":4,"65":4,"66":1,"67":4,"68":4,"69":106,"70":106,"71":0,"72":106,"73":2,"74":2,"75":0,"76":2,"77":2,"78":2},"b":{"1":[110,2],"2":[2,1,31],"3":[15,19],"4":[4,14],"5":[9,33],"6":[3,6],"7":[2,13],"8":[15,2],"9":[0,15],"10":[15,0],"11":[1,4],"12":[5,5],"13":[1,3],"14":[0,106],"15":[0,2]},"f":{},"fnMap":{},"statementMap":{"1":{"start":{"line":1,"column":0},"end":{"line":1,"column":29}},"2":{"start":{"line":2,"column":0},"end":{"line":2,"column":28}},"3":{"start":{"line":4,"column":0},"end":{"line":4,"column":35}},"4":{"start":{"line":5,"column":0},"end":{"line":5,"column":47}},"5":{"start":{"line":6,"column":0},"end":{"line":6,"column":30}},"6":{"start":{"line":8,"column":0},"end":{"line":13,"column":1}},"7":{"start":{"line":9,"column":2},"end":{"line":12,"column":3}},"8":{"start":{"line":15,"column":0},"end":{"line":15,"column":50}},"9":{"start":{"line":17,"column":0},"end":{"line":20,"column":1}},"10":{"start":{"line":17,"column":28},"end":{"line":20,"column":1}},"11":{"start":{"line":18,"column":2},"end":{"line":18,"column":25}},"12":{"start":{"line":19,"column":2},"end":{"line":19,"column":10}},"13":{"start":{"line":22,"column":0},"end":{"line":37,"column":1}},"14":{"start":{"line":23,"column":2},"end":{"line":36,"column":9}},"15":{"start":{"line":24,"column":4},"end":{"line":24,"column":28}},"16":{"start":{"line":25,"column":4},"end":{"line":34,"column":5}},"17":{"start":{"line":27,"column":8},"end":{"line":27,"column":20}},"18":{"start":{"line":28,"column":8},"end":{"line":28,"column":14}},"19":{"start":{"line":30,"column":8},"end":{"line":30,"column":21}},"20":{"start":{"line":31,"column":8},"end":{"line":31,"column":14}},"21":{"start":{"line":33,"column":8},"end":{"line":33,"column":21}},"22":{"start":{"line":35,"column":4},"end":{"line":35,"column":13}},"23":{"start":{"line":39,"column":0},"end":{"line":47,"column":1}},"24":{"start":{"line":40,"column":2},"end":{"line":46,"column":9}},"25":{"start":{"line":41,"column":4},"end":{"line":41,"column":28}},"26":{"start":{"line":42,"column":4},"end":{"line":42,"column":30}},"27":{"start":{"line":43,"column":4},"end":{"line":43,"column":17}},"28":{"start":{"line":44,"column":4},"end":{"line":44,"column":32}},"29":{"start":{"line":44,"column":21},"end":{"line":44,"column":32}},"30":{"start":{"line":45,"column":4},"end":{"line":45,"column":13}},"31":{"start":{"line":49,"column":0},"end":{"line":51,"column":1}},"32":{"start":{"line":50,"column":2},"end":{"line":50,"column":46}},"33":{"start":{"line":53,"column":0},"end":{"line":130,"column":2}},"34":{"start":{"line":55,"column":4},"end":{"line":55,"column":36}},"35":{"start":{"line":57,"column":4},"end":{"line":60,"column":5}},"36":{"start":{"line":58,"column":6},"end":{"line":59,"column":45}},"37":{"start":{"line":59,"column":21},"end":{"line":59,"column":42}},"38":{"start":{"line":62,"column":4},"end":{"line":62,"column":77}},"39":{"start":{"line":64,"column":4},"end":{"line":64,"column":66}},"40":{"start":{"line":65,"column":4},"end":{"line":65,"column":53}},"41":{"start":{"line":67,"column":4},"end":{"line":76,"column":22}},"42":{"start":{"line":68,"column":6},"end":{"line":74,"column":7}},"43":{"start":{"line":69,"column":8},"end":{"line":73,"column":9}},"44":{"start":{"line":70,"column":10},"end":{"line":70,"column":54}},"45":{"start":{"line":72,"column":10},"end":{"line":72,"column":36}},"46":{"start":{"line":75,"column":6},"end":{"line":75,"column":15}},"47":{"start":{"line":78,"column":4},"end":{"line":81,"column":33}},"48":{"start":{"line":81,"column":18},"end":{"line":81,"column":31}},"49":{"start":{"line":83,"column":4},"end":{"line":92,"column":7}},"50":{"start":{"line":83,"column":46},"end":{"line":83,"column":55}},"51":{"start":{"line":85,"column":6},"end":{"line":91,"column":25}},"52":{"start":{"line":86,"column":8},"end":{"line":86,"column":41}},"53":{"start":{"line":87,"column":8},"end":{"line":87,"column":31}},"54":{"start":{"line":88,"column":8},"end":{"line":88,"column":65}},"55":{"start":{"line":88,"column":43},"end":{"line":88,"column":65}},"56":{"start":{"line":89,"column":8},"end":{"line":89,"column":75}},"57":{"start":{"line":89,"column":53},"end":{"line":89,"column":75}},"58":{"start":{"line":90,"column":8},"end":{"line":90,"column":24}},"59":{"start":{"line":95,"column":4},"end":{"line":95,"column":36}},"60":{"start":{"line":96,"column":4},"end":{"line":98,"column":5}},"61":{"start":{"line":97,"column":6},"end":{"line":97,"column":93}},"62":{"start":{"line":100,"column":4},"end":{"line":100,"column":37}},"63":{"start":{"line":102,"column":4},"end":{"line":102,"column":66}},"64":{"start":{"line":104,"column":4},"end":{"line":107,"column":58}},"65":{"start":{"line":105,"column":6},"end":{"line":105,"column":50}},"66":{"start":{"line":105,"column":24},"end":{"line":105,"column":50}},"67":{"start":{"line":106,"column":6},"end":{"line":106,"column":15}},"68":{"start":{"line":109,"column":4},"end":{"line":109,"column":76}},"69":{"start":{"line":112,"column":4},"end":{"line":112,"column":33}},"70":{"start":{"line":113,"column":4},"end":{"line":113,"column":45}},"71":{"start":{"line":113,"column":16},"end":{"line":113,"column":45}},"72":{"start":{"line":114,"column":4},"end":{"line":115,"column":23}},"73":{"start":{"line":118,"column":4},"end":{"line":118,"column":33}},"74":{"start":{"line":119,"column":4},"end":{"line":119,"column":45}},"75":{"start":{"line":119,"column":16},"end":{"line":119,"column":45}},"76":{"start":{"line":120,"column":4},"end":{"line":121,"column":23}},"77":{"start":{"line":124,"column":4},"end":{"line":128,"column":23}},"78":{"start":{"line":126,"column":6},"end":{"line":126,"column":17}}},"branchMap":{"1":{"line":10,"type":"binary-expr","locations":[{"start":{"line":10,"column":12},"end":{"line":10,"column":34}},{"start":{"line":10,"column":38},"end":{"line":10,"column":52}}]},"2":{"line":25,"type":"switch","locations":[{"start":{"line":26,"column":6},"end":{"line":28,"column":14}},{"start":{"line":29,"column":6},"end":{"line":31,"column":14}},{"start":{"line":32,"column":6},"end":{"line":33,"column":21}}]},"3":{"line":44,"type":"if","locations":[{"start":{"line":44,"column":4},"end":{"line":44,"column":4}},{"start":{"line":44,"column":4},"end":{"line":44,"column":4}}]},"4":{"line":57,"type":"if","locations":[{"start":{"line":57,"column":4},"end":{"line":57,"column":4}},{"start":{"line":57,"column":4},"end":{"line":57,"column":4}}]},"5":{"line":68,"type":"if","locations":[{"start":{"line":68,"column":6},"end":{"line":68,"column":6}},{"start":{"line":68,"column":6},"end":{"line":68,"column":6}}]},"6":{"line":69,"type":"if","locations":[{"start":{"line":69,"column":8},"end":{"line":69,"column":8}},{"start":{"line":69,"column":8},"end":{"line":69,"column":8}}]},"7":{"line":88,"type":"if","locations":[{"start":{"line":88,"column":8},"end":{"line":88,"column":8}},{"start":{"line":88,"column":8},"end":{"line":88,"column":8}}]},"8":{"line":88,"type":"binary-expr","locations":[{"start":{"line":88,"column":12},"end":{"line":88,"column":27}},{"start":{"line":88,"column":31},"end":{"line":88,"column":41}}]},"9":{"line":89,"type":"if","locations":[{"start":{"line":89,"column":8},"end":{"line":89,"column":8}},{"start":{"line":89,"column":8},"end":{"line":89,"column":8}}]},"10":{"line":89,"type":"binary-expr","locations":[{"start":{"line":89,"column":12},"end":{"line":89,"column":30}},{"start":{"line":89,"column":34},"end":{"line":89,"column":51}}]},"11":{"line":96,"type":"if","locations":[{"start":{"line":96,"column":4},"end":{"line":96,"column":4}},{"start":{"line":96,"column":4},"end":{"line":96,"column":4}}]},"12":{"line":96,"type":"binary-expr","locations":[{"start":{"line":96,"column":8},"end":{"line":96,"column":14}},{"start":{"line":96,"column":18},"end":{"line":96,"column":27}}]},"13":{"line":105,"type":"if","locations":[{"start":{"line":105,"column":6},"end":{"line":105,"column":6}},{"start":{"line":105,"column":6},"end":{"line":105,"column":6}}]},"14":{"line":113,"type":"if","locations":[{"start":{"line":113,"column":4},"end":{"line":113,"column":4}},{"start":{"line":113,"column":4},"end":{"line":113,"column":4}}]},"15":{"line":119,"type":"if","locations":[{"start":{"line":119,"column":4},"end":{"line":119,"column":4}},{"start":{"line":119,"column":4},"end":{"line":119,"column":4}}]}}},"/Users/one19/Fundamentals/js/oBay/routes/word.js":{"path":"/Users/one19/Fundamentals/js/oBay/routes/word.js","s":{"1":1,"2":1,"3":1,"4":128,"5":0,"6":0,"7":0,"8":1,"9":128,"10":128,"11":1,"12":1,"13":127,"14":1,"15":1,"16":14,"17":1,"18":4,"19":1,"20":106,"21":1,"22":2,"23":1,"24":2,"25":1,"26":1,"27":5,"28":5,"29":229,"30":5,"31":224,"32":10,"33":214},"b":{"1":[1,127],"2":[128,2],"3":[5,224],"4":[10,214]},"f":{},"fnMap":{},"statementMap":{"1":{"start":{"line":1,"column":0},"end":{"line":1,"column":28}},"2":{"start":{"line":2,"column":0},"end":{"line":2,"column":47}},"3":{"start":{"line":4,"column":0},"end":{"line":10,"column":2}},"4":{"start":{"line":5,"column":2},"end":{"line":9,"column":3}},"5":{"start":{"line":6,"column":4},"end":{"line":6,"column":46}},"6":{"start":{"line":7,"column":4},"end":{"line":7,"column":20}},"7":{"start":{"line":8,"column":4},"end":{"line":8,"column":18}},"8":{"start":{"line":12,"column":0},"end":{"line":18,"column":2}},"9":{"start":{"line":12,"column":23},"end":{"line":18,"column":1}},"10":{"start":{"line":13,"column":2},"end":{"line":16,"column":3}},"11":{"start":{"line":14,"column":4},"end":{"line":14,"column":20}},"12":{"start":{"line":15,"column":4},"end":{"line":15,"column":57}},"13":{"start":{"line":17,"column":2},"end":{"line":17,"column":41}},"14":{"start":{"line":20,"column":0},"end":{"line":65,"column":2}},"15":{"start":{"line":22,"column":4},"end":{"line":26,"column":7}},"16":{"start":{"line":23,"column":6},"end":{"line":25,"column":38}},"17":{"start":{"line":28,"column":4},"end":{"line":32,"column":7}},"18":{"start":{"line":29,"column":6},"end":{"line":31,"column":38}},"19":{"start":{"line":34,"column":4},"end":{"line":38,"column":7}},"20":{"start":{"line":35,"column":6},"end":{"line":37,"column":38}},"21":{"start":{"line":40,"column":4},"end":{"line":44,"column":7}},"22":{"start":{"line":41,"column":6},"end":{"line":43,"column":38}},"23":{"start":{"line":46,"column":4},"end":{"line":50,"column":7}},"24":{"start":{"line":47,"column":6},"end":{"line":49,"column":38}},"25":{"start":{"line":53,"column":4},"end":{"line":53,"column":32}},"26":{"start":{"line":54,"column":4},"end":{"line":63,"column":7}},"27":{"start":{"line":55,"column":6},"end":{"line":62,"column":9}},"28":{"start":{"line":57,"column":8},"end":{"line":61,"column":11}},"29":{"start":{"line":58,"column":10},"end":{"line":58,"column":28}},"30":{"start":{"line":58,"column":21},"end":{"line":58,"column":28}},"31":{"start":{"line":59,"column":10},"end":{"line":59,"column":60}},"32":{"start":{"line":59,"column":26},"end":{"line":59,"column":60}},"33":{"start":{"line":60,"column":10},"end":{"line":60,"column":38}}},"branchMap":{"1":{"line":13,"type":"if","locations":[{"start":{"line":13,"column":2},"end":{"line":13,"column":2}},{"start":{"line":13,"column":2},"end":{"line":13,"column":2}}]},"2":{"line":13,"type":"binary-expr","locations":[{"start":{"line":13,"column":6},"end":{"line":13,"column":18}},{"start":{"line":13,"column":22},"end":{"line":13,"column":33}}]},"3":{"line":58,"type":"if","locations":[{"start":{"line":58,"column":10},"end":{"line":58,"column":10}},{"start":{"line":58,"column":10},"end":{"line":58,"column":10}}]},"4":{"line":59,"type":"if","locations":[{"start":{"line":59,"column":10},"end":{"line":59,"column":10}},{"start":{"line":59,"column":10},"end":{"line":59,"column":10}}]}}},"/Users/one19/Fundamentals/js/oBay/controllers/word.js":{"path":"/Users/one19/Fundamentals/js/oBay/controllers/word.js","s":{"1":1,"2":1,"3":1,"4":1,"5":1,"6":1,"7":110,"8":1,"9":1,"10":18,"11":36,"12":36,"13":1,"14":18,"15":34,"16":34,"17":2,"18":2,"19":1,"20":1,"21":31,"22":34,"23":1,"24":18,"25":34,"26":34,"27":34,"28":34,"29":15,"30":34,"31":1,"32":18,"33":1,"34":18,"35":18,"36":4,"37":4,"38":14,"39":14,"40":14,"41":14,"42":42,"43":9,"44":3,"45":6,"46":42,"47":14,"48":28,"49":14,"50":15,"51":14,"52":15,"53":15,"54":15,"55":2,"56":15,"57":0,"58":15,"59":5,"60":5,"61":1,"62":4,"63":4,"64":4,"65":4,"66":1,"67":4,"68":4,"69":106,"70":106,"71":0,"72":106,"73":2,"74":2,"75":0,"76":2,"77":2,"78":2},"b":{"1":[110,2],"2":[2,1,31],"3":[15,19],"4":[4,14],"5":[9,33],"6":[3,6],"7":[2,13],"8":[15,2],"9":[0,15],"10":[15,0],"11":[1,4],"12":[5,5],"13":[1,3],"14":[0,106],"15":[0,2]},"f":{},"fnMap":{},"statementMap":{"1":{"start":{"line":1,"column":0},"end":{"line":1,"column":29}},"2":{"start":{"line":2,"column":0},"end":{"line":2,"column":28}},"3":{"start":{"line":4,"column":0},"end":{"line":4,"column":35}},"4":{"start":{"line":5,"column":0},"end":{"line":5,"column":47}},"5":{"start":{"line":6,"column":0},"end":{"line":6,"column":30}},"6":{"start":{"line":8,"column":0},"end":{"line":13,"column":1}},"7":{"start":{"line":9,"column":2},"end":{"line":12,"column":3}},"8":{"start":{"line":15,"column":0},"end":{"line":15,"column":50}},"9":{"start":{"line":17,"column":0},"end":{"line":20,"column":1}},"10":{"start":{"line":17,"column":28},"end":{"line":20,"column":1}},"11":{"start":{"line":18,"column":2},"end":{"line":18,"column":25}},"12":{"start":{"line":19,"column":2},"end":{"line":19,"column":10}},"13":{"start":{"line":22,"column":0},"end":{"line":37,"column":1}},"14":{"start":{"line":23,"column":2},"end":{"line":36,"column":9}},"15":{"start":{"line":24,"column":4},"end":{"line":24,"column":28}},"16":{"start":{"line":25,"column":4},"end":{"line":34,"column":5}},"17":{"start":{"line":27,"column":8},"end":{"line":27,"column":20}},"18":{"start":{"line":28,"column":8},"end":{"line":28,"column":14}},"19":{"start":{"line":30,"column":8},"end":{"line":30,"column":21}},"20":{"start":{"line":31,"column":8},"end":{"line":31,"column":14}},"21":{"start":{"line":33,"column":8},"end":{"line":33,"column":21}},"22":{"start":{"line":35,"column":4},"end":{"line":35,"column":13}},"23":{"start":{"line":39,"column":0},"end":{"line":47,"column":1}},"24":{"start":{"line":40,"column":2},"end":{"line":46,"column":9}},"25":{"start":{"line":41,"column":4},"end":{"line":41,"column":28}},"26":{"start":{"line":42,"column":4},"end":{"line":42,"column":30}},"27":{"start":{"line":43,"column":4},"end":{"line":43,"column":17}},"28":{"start":{"line":44,"column":4},"end":{"line":44,"column":32}},"29":{"start":{"line":44,"column":21},"end":{"line":44,"column":32}},"30":{"start":{"line":45,"column":4},"end":{"line":45,"column":13}},"31":{"start":{"line":49,"column":0},"end":{"line":51,"column":1}},"32":{"start":{"line":50,"column":2},"end":{"line":50,"column":46}},"33":{"start":{"line":53,"column":0},"end":{"line":130,"column":2}},"34":{"start":{"line":55,"column":4},"end":{"line":55,"column":36}},"35":{"start":{"line":57,"column":4},"end":{"line":60,"column":5}},"36":{"start":{"line":58,"column":6},"end":{"line":59,"column":45}},"37":{"start":{"line":59,"column":21},"end":{"line":59,"column":42}},"38":{"start":{"line":62,"column":4},"end":{"line":62,"column":77}},"39":{"start":{"line":64,"column":4},"end":{"line":64,"column":66}},"40":{"start":{"line":65,"column":4},"end":{"line":65,"column":53}},"41":{"start":{"line":67,"column":4},"end":{"line":76,"column":22}},"42":{"start":{"line":68,"column":6},"end":{"line":74,"column":7}},"43":{"start":{"line":69,"column":8},"end":{"line":73,"column":9}},"44":{"start":{"line":70,"column":10},"end":{"line":70,"column":54}},"45":{"start":{"line":72,"column":10},"end":{"line":72,"column":36}},"46":{"start":{"line":75,"column":6},"end":{"line":75,"column":15}},"47":{"start":{"line":78,"column":4},"end":{"line":81,"column":33}},"48":{"start":{"line":81,"column":18},"end":{"line":81,"column":31}},"49":{"start":{"line":83,"column":4},"end":{"line":92,"column":7}},"50":{"start":{"line":83,"column":46},"end":{"line":83,"column":55}},"51":{"start":{"line":85,"column":6},"end":{"line":91,"column":25}},"52":{"start":{"line":86,"column":8},"end":{"line":86,"column":41}},"53":{"start":{"line":87,"column":8},"end":{"line":87,"column":31}},"54":{"start":{"line":88,"column":8},"end":{"line":88,"column":65}},"55":{"start":{"line":88,"column":43},"end":{"line":88,"column":65}},"56":{"start":{"line":89,"column":8},"end":{"line":89,"column":75}},"57":{"start":{"line":89,"column":53},"end":{"line":89,"column":75}},"58":{"start":{"line":90,"column":8},"end":{"line":90,"column":24}},"59":{"start":{"line":95,"column":4},"end":{"line":95,"column":36}},"60":{"start":{"line":96,"column":4},"end":{"line":98,"column":5}},"61":{"start":{"line":97,"column":6},"end":{"line":97,"column":93}},"62":{"start":{"line":100,"column":4},"end":{"line":100,"column":37}},"63":{"start":{"line":102,"column":4},"end":{"line":102,"column":66}},"64":{"start":{"line":104,"column":4},"end":{"line":107,"column":58}},"65":{"start":{"line":105,"column":6},"end":{"line":105,"column":50}},"66":{"start":{"line":105,"column":24},"end":{"line":105,"column":50}},"67":{"start":{"line":106,"column":6},"end":{"line":106,"column":15}},"68":{"start":{"line":109,"column":4},"end":{"line":109,"column":76}},"69":{"start":{"line":112,"column":4},"end":{"line":112,"column":33}},"70":{"start":{"line":113,"column":4},"end":{"line":113,"column":45}},"71":{"start":{"line":113,"column":16},"end":{"line":113,"column":45}},"72":{"start":{"line":114,"column":4},"end":{"line":115,"column":23}},"73":{"start":{"line":118,"column":4},"end":{"line":118,"column":33}},"74":{"start":{"line":119,"column":4},"end":{"line":119,"column":45}},"75":{"start":{"line":119,"column":16},"end":{"line":119,"column":45}},"76":{"start":{"line":120,"column":4},"end":{"line":121,"column":23}},"77":{"start":{"line":124,"column":4},"end":{"line":128,"column":23}},"78":{"start":{"line":126,"column":6},"end":{"line":126,"column":17}}},"branchMap":{"1":{"line":10,"type":"binary-expr","locations":[{"start":{"line":10,"column":12},"end":{"line":10,"column":34}},{"start":{"line":10,"column":38},"end":{"line":10,"column":52}}]},"2":{"line":25,"type":"switch","locations":[{"start":{"line":26,"column":6},"end":{"line":28,"column":14}},{"start":{"line":29,"column":6},"end":{"line":31,"column":14}},{"start":{"line":32,"column":6},"end":{"line":33,"column":21}}]},"3":{"line":44,"type":"if","locations":[{"start":{"line":44,"column":4},"end":{"line":44,"column":4}},{"start":{"line":44,"column":4},"end":{"line":44,"column":4}}]},"4":{"line":57,"type":"if","locations":[{"start":{"line":57,"column":4},"end":{"line":57,"column":4}},{"start":{"line":57,"column":4},"end":{"line":57,"column":4}}]},"5":{"line":68,"type":"if","locations":[{"start":{"line":68,"column":6},"end":{"line":68,"column":6}},{"start":{"line":68,"column":6},"end":{"line":68,"column":6}}]},"6":{"line":69,"type":"if","locations":[{"start":{"line":69,"column":8},"end":{"line":69,"column":8}},{"start":{"line":69,"column":8},"end":{"line":69,"column":8}}]},"7":{"line":88,"type":"if","locations":[{"start":{"line":88,"column":8},"end":{"line":88,"column":8}},{"start":{"line":88,"column":8},"end":{"line":88,"column":8}}]},"8":{"line":88,"type":"binary-expr","locations":[{"start":{"line":88,"column":12},"end":{"line":88,"column":27}},{"start":{"line":88,"column":31},"end":{"line":88,"column":41}}]},"9":{"line":89,"type":"if","locations":[{"start":{"line":89,"column":8},"end":{"line":89,"column":8}},{"start":{"line":89,"column":8},"end":{"line":89,"column":8}}]},"10":{"line":89,"type":"binary-expr","locations":[{"start":{"line":89,"column":12},"end":{"line":89,"column":30}},{"start":{"line":89,"column":34},"end":{"line":89,"column":51}}]},"11":{"line":96,"type":"if","locations":[{"start":{"line":96,"column":4},"end":{"line":96,"column":4}},{"start":{"line":96,"column":4},"end":{"line":96,"column":4}}]},"12":{"line":96,"type":"binary-expr","locations":[{"start":{"line":96,"column":8},"end":{"line":96,"column":14}},{"start":{"line":96,"column":18},"end":{"line":96,"column":27}}]},"13":{"line":105,"type":"if","locations":[{"start":{"line":105,"column":6},"end":{"line":105,"column":6}},{"start":{"line":105,"column":6},"end":{"line":105,"column":6}}]},"14":{"line":113,"type":"if","locations":[{"start":{"line":113,"column":4},"end":{"line":113,"column":4}},{"start":{"line":113,"column":4},"end":{"line":113,"column":4}}]},"15":{"line":119,"type":"if","locations":[{"start":{"line":119,"column":4},"end":{"line":119,"column":4}},{"start":{"line":119,"column":4},"end":{"line":119,"column":4}}]}}},"/Users/one19/Fundamentals/js/oBay/fixtures/note.js":{"path":"/Users/one19/Fundamentals/js/oBay/fixtures/note.js","s":{"1":1,"2":1,"3":1,"4":1,"5":106},"b":{},"f":{},"fnMap":{},"statementMap":{"1":{"start":{"line":1,"column":0},"end":{"line":1,"column":37}},"2":{"start":{"line":2,"column":0},"end":{"line":2,"column":46}},"3":{"start":{"line":3,"column":0},"end":{"line":3,"column":47}},"4":{"start":{"line":5,"column":0},"end":{"line":9,"column":2}},"5":{"start":{"line":7,"column":4},"end":{"line":7,"column":28}}},"branchMap":{}},"/Users/one19/Fundamentals/js/oBay/fixtures/user.js":{"path":"/Users/one19/Fundamentals/js/oBay/fixtures/user.js","s":{"1":1,"2":1,"3":1,"4":1,"5":106},"b":{},"f":{},"fnMap":{},"statementMap":{"1":{"start":{"line":1,"column":0},"end":{"line":1,"column":37}},"2":{"start":{"line":2,"column":0},"end":{"line":2,"column":46}},"3":{"start":{"line":3,"column":0},"end":{"line":3,"column":47}},"4":{"start":{"line":5,"column":0},"end":{"line":9,"column":2}},"5":{"start":{"line":7,"column":4},"end":{"line":7,"column":28}}},"branchMap":{}},"/Users/one19/Fundamentals/js/oBay/fixtures/word.js":{"path":"/Users/one19/Fundamentals/js/oBay/fixtures/word.js","s":{"1":1,"2":1,"3":1,"4":1,"5":106},"b":{},"f":{},"fnMap":{},"statementMap":{"1":{"start":{"line":1,"column":0},"end":{"line":1,"column":37}},"2":{"start":{"line":2,"column":0},"end":{"line":2,"column":46}},"3":{"start":{"line":3,"column":0},"end":{"line":3,"column":47}},"4":{"start":{"line":5,"column":0},"end":{"line":9,"column":2}},"5":{"start":{"line":7,"column":4},"end":{"line":7,"column":28}}},"branchMap":{}}}