{"/Users/one19/Fundamentals/js/oBay/test.js":{"path":"/Users/one19/Fundamentals/js/oBay/test.js","s":{"1":1,"2":1,"3":1,"4":1,"5":1,"6":1,"7":1,"8":1,"9":1,"10":3,"11":0,"12":3,"13":0,"14":3,"15":0,"16":3,"17":3,"18":1,"19":1,"20":1,"21":1,"22":1,"23":1},"b":{"1":[0,3],"2":[0,3],"3":[0,3]},"f":{"1":3,"2":3},"fnMap":{"1":{"name":"(anonymous_1)","line":12,"loc":{"start":{"line":12,"column":45},"end":{"line":12,"column":60}}},"2":{"name":"(anonymous_2)","line":17,"loc":{"start":{"line":17,"column":15},"end":{"line":17,"column":30}}}},"statementMap":{"1":{"start":{"line":1,"column":0},"end":{"line":1,"column":25}},"2":{"start":{"line":2,"column":0},"end":{"line":2,"column":29}},"3":{"start":{"line":3,"column":0},"end":{"line":3,"column":34}},"4":{"start":{"line":5,"column":0},"end":{"line":5,"column":36}},"5":{"start":{"line":6,"column":0},"end":{"line":6,"column":34}},"6":{"start":{"line":7,"column":0},"end":{"line":7,"column":34}},"7":{"start":{"line":9,"column":0},"end":{"line":28,"column":3}},"8":{"start":{"line":10,"column":2},"end":{"line":27,"column":5}},"9":{"start":{"line":12,"column":4},"end":{"line":19,"column":7}},"10":{"start":{"line":13,"column":6},"end":{"line":13,"column":44}},"11":{"start":{"line":13,"column":31},"end":{"line":13,"column":44}},"12":{"start":{"line":14,"column":6},"end":{"line":14,"column":44}},"13":{"start":{"line":14,"column":31},"end":{"line":14,"column":44}},"14":{"start":{"line":15,"column":6},"end":{"line":15,"column":49}},"15":{"start":{"line":15,"column":36},"end":{"line":15,"column":49}},"16":{"start":{"line":16,"column":6},"end":{"line":16,"column":33}},"17":{"start":{"line":18,"column":6},"end":{"line":18,"column":45}},"18":{"start":{"line":22,"column":4},"end":{"line":22,"column":46}},"19":{"start":{"line":22,"column":27},"end":{"line":22,"column":44}},"20":{"start":{"line":23,"column":4},"end":{"line":23,"column":55}},"21":{"start":{"line":23,"column":27},"end":{"line":23,"column":53}},"22":{"start":{"line":24,"column":4},"end":{"line":26,"column":7}},"23":{"start":{"line":25,"column":6},"end":{"line":25,"column":41}}},"branchMap":{"1":{"line":13,"type":"if","locations":[{"start":{"line":13,"column":6},"end":{"line":13,"column":6}},{"start":{"line":13,"column":6},"end":{"line":13,"column":6}}]},"2":{"line":14,"type":"if","locations":[{"start":{"line":14,"column":6},"end":{"line":14,"column":6}},{"start":{"line":14,"column":6},"end":{"line":14,"column":6}}]},"3":{"line":15,"type":"if","locations":[{"start":{"line":15,"column":6},"end":{"line":15,"column":6}},{"start":{"line":15,"column":6},"end":{"line":15,"column":6}}]}}},"/Users/one19/Fundamentals/js/oBay/setup.js":{"path":"/Users/one19/Fundamentals/js/oBay/setup.js","s":{"1":1,"2":1,"3":1,"4":1,"5":3,"6":1,"7":1,"8":0,"9":0,"10":0,"11":0,"12":1,"13":3},"b":{"1":[0,0]},"f":{},"fnMap":{},"statementMap":{"1":{"start":{"line":1,"column":0},"end":{"line":1,"column":25}},"2":{"start":{"line":2,"column":0},"end":{"line":2,"column":29}},"3":{"start":{"line":4,"column":0},"end":{"line":4,"column":33}},"4":{"start":{"line":6,"column":0},"end":{"line":8,"column":3}},"5":{"start":{"line":7,"column":2},"end":{"line":7,"column":67}},"6":{"start":{"line":10,"column":0},"end":{"line":20,"column":2}},"7":{"start":{"line":11,"column":2},"end":{"line":19,"column":4}},"8":{"start":{"line":13,"column":4},"end":{"line":13,"column":38}},"9":{"start":{"line":14,"column":4},"end":{"line":14,"column":88}},"10":{"start":{"line":14,"column":81},"end":{"line":14,"column":88}},"11":{"start":{"line":15,"column":4},"end":{"line":15,"column":14}},"12":{"start":{"line":18,"column":4},"end":{"line":18,"column":52}},"13":{"start":{"line":18,"column":43},"end":{"line":18,"column":50}}},"branchMap":{"1":{"line":14,"type":"if","locations":[{"start":{"line":14,"column":4},"end":{"line":14,"column":4}},{"start":{"line":14,"column":4},"end":{"line":14,"column":4}}]}}},"/Users/one19/Fundamentals/js/oBay/lib/db.js":{"path":"/Users/one19/Fundamentals/js/oBay/lib/db.js","s":{"1":1,"2":1,"3":1,"4":1,"5":1},"b":{},"f":{},"fnMap":{},"statementMap":{"1":{"start":{"line":1,"column":0},"end":{"line":1,"column":38}},"2":{"start":{"line":2,"column":0},"end":{"line":2,"column":38}},"3":{"start":{"line":3,"column":0},"end":{"line":3,"column":41}},"4":{"start":{"line":5,"column":0},"end":{"line":5,"column":85}},"5":{"start":{"line":7,"column":0},"end":{"line":7,"column":19}}},"branchMap":{}},"/Users/one19/Fundamentals/js/oBay/tables/note.js":{"path":"/Users/one19/Fundamentals/js/oBay/tables/note.js","s":{"1":1,"2":1,"3":1,"4":0,"5":0,"6":0,"7":1},"b":{"1":[0,0]},"f":{},"fnMap":{},"statementMap":{"1":{"start":{"line":1,"column":0},"end":{"line":1,"column":35}},"2":{"start":{"line":3,"column":0},"end":{"line":17,"column":1}},"3":{"start":{"line":4,"column":2},"end":{"line":11,"column":4}},"4":{"start":{"line":6,"column":4},"end":{"line":6,"column":111}},"5":{"start":{"line":6,"column":104},"end":{"line":6,"column":111}},"6":{"start":{"line":7,"column":4},"end":{"line":7,"column":14}},"7":{"start":{"line":10,"column":4},"end":{"line":10,"column":34}}},"branchMap":{"1":{"line":6,"type":"if","locations":[{"start":{"line":6,"column":4},"end":{"line":6,"column":4}},{"start":{"line":6,"column":4},"end":{"line":6,"column":4}}]}}},"/Users/one19/Fundamentals/js/oBay/tables/user.js":{"path":"/Users/one19/Fundamentals/js/oBay/tables/user.js","s":{"1":1,"2":1,"3":1,"4":0,"5":0,"6":0,"7":1},"b":{"1":[0,0]},"f":{},"fnMap":{},"statementMap":{"1":{"start":{"line":1,"column":0},"end":{"line":1,"column":35}},"2":{"start":{"line":3,"column":0},"end":{"line":17,"column":1}},"3":{"start":{"line":4,"column":2},"end":{"line":11,"column":4}},"4":{"start":{"line":6,"column":4},"end":{"line":6,"column":111}},"5":{"start":{"line":6,"column":104},"end":{"line":6,"column":111}},"6":{"start":{"line":7,"column":4},"end":{"line":7,"column":14}},"7":{"start":{"line":10,"column":4},"end":{"line":10,"column":34}}},"branchMap":{"1":{"line":6,"type":"if","locations":[{"start":{"line":6,"column":4},"end":{"line":6,"column":4}},{"start":{"line":6,"column":4},"end":{"line":6,"column":4}}]}}},"/Users/one19/Fundamentals/js/oBay/tables/word.js":{"path":"/Users/one19/Fundamentals/js/oBay/tables/word.js","s":{"1":1,"2":1,"3":1,"4":0,"5":0,"6":0,"7":1},"b":{"1":[0,0]},"f":{},"fnMap":{},"statementMap":{"1":{"start":{"line":1,"column":0},"end":{"line":1,"column":35}},"2":{"start":{"line":3,"column":0},"end":{"line":17,"column":1}},"3":{"start":{"line":4,"column":2},"end":{"line":11,"column":4}},"4":{"start":{"line":6,"column":4},"end":{"line":6,"column":111}},"5":{"start":{"line":6,"column":104},"end":{"line":6,"column":111}},"6":{"start":{"line":7,"column":4},"end":{"line":7,"column":14}},"7":{"start":{"line":10,"column":4},"end":{"line":10,"column":34}}},"branchMap":{"1":{"line":6,"type":"if","locations":[{"start":{"line":6,"column":4},"end":{"line":6,"column":4}},{"start":{"line":6,"column":4},"end":{"line":6,"column":4}}]}}},"/Users/one19/Fundamentals/js/oBay/index.js":{"path":"/Users/one19/Fundamentals/js/oBay/index.js","s":{"1":1,"2":1,"3":1,"4":1,"5":1,"6":1,"7":1,"8":1,"9":1,"10":1,"11":3,"12":1,"13":0,"14":1},"b":{},"f":{"1":0},"fnMap":{"1":{"name":"(anonymous_1)","line":17,"loc":{"start":{"line":17,"column":33},"end":{"line":17,"column":53}}}},"statementMap":{"1":{"start":{"line":1,"column":0},"end":{"line":1,"column":23}},"2":{"start":{"line":2,"column":0},"end":{"line":2,"column":35}},"3":{"start":{"line":3,"column":0},"end":{"line":3,"column":25}},"4":{"start":{"line":4,"column":0},"end":{"line":4,"column":29}},"5":{"start":{"line":5,"column":0},"end":{"line":5,"column":42}},"6":{"start":{"line":7,"column":0},"end":{"line":7,"column":35}},"7":{"start":{"line":8,"column":0},"end":{"line":8,"column":30}},"8":{"start":{"line":9,"column":0},"end":{"line":9,"column":31}},"9":{"start":{"line":11,"column":0},"end":{"line":11,"column":37}},"10":{"start":{"line":13,"column":0},"end":{"line":15,"column":3}},"11":{"start":{"line":14,"column":2},"end":{"line":14,"column":71}},"12":{"start":{"line":17,"column":0},"end":{"line":19,"column":3}},"13":{"start":{"line":18,"column":2},"end":{"line":18,"column":76}},"14":{"start":{"line":21,"column":0},"end":{"line":21,"column":21}}},"branchMap":{}},"/Users/one19/Fundamentals/js/oBay/env.js":{"path":"/Users/one19/Fundamentals/js/oBay/env.js","s":{"1":1,"2":1},"b":{},"f":{},"fnMap":{},"statementMap":{"1":{"start":{"line":1,"column":0},"end":{"line":1,"column":41}},"2":{"start":{"line":3,"column":0},"end":{"line":8,"column":3}}},"branchMap":{}},"/Users/one19/Fundamentals/js/oBay/routes/note.js":{"path":"/Users/one19/Fundamentals/js/oBay/routes/note.js","s":{"1":1,"2":1,"3":1,"4":25,"5":0,"6":0,"7":0,"8":1,"9":25,"10":25,"11":1,"12":1,"13":24,"14":1,"15":1,"16":5,"17":1,"18":4,"19":1,"20":13,"21":1,"22":1,"23":1,"24":2},"b":{"1":[1,24],"2":[25,24,5]},"f":{},"fnMap":{},"statementMap":{"1":{"start":{"line":1,"column":0},"end":{"line":1,"column":28}},"2":{"start":{"line":2,"column":0},"end":{"line":2,"column":47}},"3":{"start":{"line":4,"column":0},"end":{"line":10,"column":2}},"4":{"start":{"line":5,"column":2},"end":{"line":9,"column":3}},"5":{"start":{"line":6,"column":4},"end":{"line":6,"column":46}},"6":{"start":{"line":7,"column":4},"end":{"line":7,"column":20}},"7":{"start":{"line":8,"column":4},"end":{"line":8,"column":18}},"8":{"start":{"line":12,"column":0},"end":{"line":18,"column":2}},"9":{"start":{"line":12,"column":23},"end":{"line":18,"column":1}},"10":{"start":{"line":13,"column":2},"end":{"line":16,"column":3}},"11":{"start":{"line":14,"column":4},"end":{"line":14,"column":20}},"12":{"start":{"line":15,"column":4},"end":{"line":15,"column":57}},"13":{"start":{"line":17,"column":2},"end":{"line":17,"column":41}},"14":{"start":{"line":20,"column":0},"end":{"line":50,"column":2}},"15":{"start":{"line":21,"column":2},"end":{"line":25,"column":5}},"16":{"start":{"line":22,"column":4},"end":{"line":24,"column":36}},"17":{"start":{"line":27,"column":2},"end":{"line":31,"column":5}},"18":{"start":{"line":28,"column":4},"end":{"line":30,"column":36}},"19":{"start":{"line":33,"column":2},"end":{"line":37,"column":5}},"20":{"start":{"line":34,"column":4},"end":{"line":36,"column":36}},"21":{"start":{"line":39,"column":2},"end":{"line":43,"column":5}},"22":{"start":{"line":40,"column":4},"end":{"line":42,"column":36}},"23":{"start":{"line":45,"column":2},"end":{"line":49,"column":5}},"24":{"start":{"line":46,"column":4},"end":{"line":48,"column":36}}},"branchMap":{"1":{"line":13,"type":"if","locations":[{"start":{"line":13,"column":2},"end":{"line":13,"column":2}},{"start":{"line":13,"column":2},"end":{"line":13,"column":2}}]},"2":{"line":13,"type":"binary-expr","locations":[{"start":{"line":13,"column":6},"end":{"line":13,"column":18}},{"start":{"line":13,"column":23},"end":{"line":13,"column":49}},{"start":{"line":13,"column":53},"end":{"line":13,"column":77}}]}}},"/Users/one19/Fundamentals/js/oBay/controllers/note.js":{"path":"/Users/one19/Fundamentals/js/oBay/controllers/note.js","s":{"1":1,"2":1,"3":1,"4":1,"5":1,"6":16,"7":1,"8":9,"9":1,"10":1,"11":9,"12":9,"13":4,"14":5,"15":10,"16":10,"17":5,"18":13,"19":13,"20":0,"21":13,"22":1,"23":1,"24":0,"25":1,"26":2},"b":{"1":[16,2],"2":[4,5],"3":[9,9],"4":[0,13],"5":[0,1]},"f":{},"fnMap":{},"statementMap":{"1":{"start":{"line":1,"column":0},"end":{"line":1,"column":29}},"2":{"start":{"line":3,"column":0},"end":{"line":3,"column":35}},"3":{"start":{"line":4,"column":0},"end":{"line":4,"column":47}},"4":{"start":{"line":5,"column":0},"end":{"line":5,"column":30}},"5":{"start":{"line":7,"column":0},"end":{"line":12,"column":1}},"6":{"start":{"line":8,"column":2},"end":{"line":11,"column":3}},"7":{"start":{"line":14,"column":0},"end":{"line":16,"column":1}},"8":{"start":{"line":15,"column":2},"end":{"line":15,"column":22}},"9":{"start":{"line":18,"column":0},"end":{"line":18,"column":50}},"10":{"start":{"line":20,"column":0},"end":{"line":52,"column":2}},"11":{"start":{"line":22,"column":4},"end":{"line":22,"column":36}},"12":{"start":{"line":23,"column":4},"end":{"line":26,"column":5}},"13":{"start":{"line":24,"column":6},"end":{"line":25,"column":24}},"14":{"start":{"line":28,"column":4},"end":{"line":31,"column":11}},"15":{"start":{"line":29,"column":6},"end":{"line":29,"column":29}},"16":{"start":{"line":30,"column":6},"end":{"line":30,"column":14}},"17":{"start":{"line":33,"column":4},"end":{"line":34,"column":21}},"18":{"start":{"line":37,"column":4},"end":{"line":37,"column":33}},"19":{"start":{"line":38,"column":4},"end":{"line":38,"column":45}},"20":{"start":{"line":38,"column":16},"end":{"line":38,"column":45}},"21":{"start":{"line":39,"column":4},"end":{"line":40,"column":23}},"22":{"start":{"line":43,"column":4},"end":{"line":43,"column":33}},"23":{"start":{"line":44,"column":4},"end":{"line":44,"column":45}},"24":{"start":{"line":44,"column":16},"end":{"line":44,"column":45}},"25":{"start":{"line":45,"column":4},"end":{"line":46,"column":23}},"26":{"start":{"line":49,"column":4},"end":{"line":50,"column":23}}},"branchMap":{"1":{"line":9,"type":"binary-expr","locations":[{"start":{"line":9,"column":12},"end":{"line":9,"column":34}},{"start":{"line":9,"column":38},"end":{"line":9,"column":52}}]},"2":{"line":23,"type":"if","locations":[{"start":{"line":23,"column":4},"end":{"line":23,"column":4}},{"start":{"line":23,"column":4},"end":{"line":23,"column":4}}]},"3":{"line":23,"type":"binary-expr","locations":[{"start":{"line":23,"column":8},"end":{"line":23,"column":14}},{"start":{"line":23,"column":18},"end":{"line":23,"column":27}}]},"4":{"line":38,"type":"if","locations":[{"start":{"line":38,"column":4},"end":{"line":38,"column":4}},{"start":{"line":38,"column":4},"end":{"line":38,"column":4}}]},"5":{"line":44,"type":"if","locations":[{"start":{"line":44,"column":4},"end":{"line":44,"column":4}},{"start":{"line":44,"column":4},"end":{"line":44,"column":4}}]}}},"/Users/one19/Fundamentals/js/oBay/routes/user.js":{"path":"/Users/one19/Fundamentals/js/oBay/routes/user.js","s":{"1":1,"2":1,"3":1,"4":25,"5":0,"6":0,"7":0,"8":1,"9":25,"10":25,"11":1,"12":1,"13":24,"14":1,"15":1,"16":5,"17":1,"18":4,"19":1,"20":13,"21":1,"22":1,"23":1,"24":2},"b":{"1":[1,24],"2":[25,24,5]},"f":{},"fnMap":{},"statementMap":{"1":{"start":{"line":1,"column":0},"end":{"line":1,"column":28}},"2":{"start":{"line":2,"column":0},"end":{"line":2,"column":47}},"3":{"start":{"line":4,"column":0},"end":{"line":10,"column":2}},"4":{"start":{"line":5,"column":2},"end":{"line":9,"column":3}},"5":{"start":{"line":6,"column":4},"end":{"line":6,"column":46}},"6":{"start":{"line":7,"column":4},"end":{"line":7,"column":20}},"7":{"start":{"line":8,"column":4},"end":{"line":8,"column":18}},"8":{"start":{"line":12,"column":0},"end":{"line":18,"column":2}},"9":{"start":{"line":12,"column":23},"end":{"line":18,"column":1}},"10":{"start":{"line":13,"column":2},"end":{"line":16,"column":3}},"11":{"start":{"line":14,"column":4},"end":{"line":14,"column":20}},"12":{"start":{"line":15,"column":4},"end":{"line":15,"column":57}},"13":{"start":{"line":17,"column":2},"end":{"line":17,"column":41}},"14":{"start":{"line":20,"column":0},"end":{"line":50,"column":2}},"15":{"start":{"line":21,"column":2},"end":{"line":25,"column":5}},"16":{"start":{"line":22,"column":4},"end":{"line":24,"column":36}},"17":{"start":{"line":27,"column":2},"end":{"line":31,"column":5}},"18":{"start":{"line":28,"column":4},"end":{"line":30,"column":36}},"19":{"start":{"line":33,"column":2},"end":{"line":37,"column":5}},"20":{"start":{"line":34,"column":4},"end":{"line":36,"column":36}},"21":{"start":{"line":39,"column":2},"end":{"line":43,"column":5}},"22":{"start":{"line":40,"column":4},"end":{"line":42,"column":36}},"23":{"start":{"line":45,"column":2},"end":{"line":49,"column":5}},"24":{"start":{"line":46,"column":4},"end":{"line":48,"column":36}}},"branchMap":{"1":{"line":13,"type":"if","locations":[{"start":{"line":13,"column":2},"end":{"line":13,"column":2}},{"start":{"line":13,"column":2},"end":{"line":13,"column":2}}]},"2":{"line":13,"type":"binary-expr","locations":[{"start":{"line":13,"column":6},"end":{"line":13,"column":18}},{"start":{"line":13,"column":23},"end":{"line":13,"column":49}},{"start":{"line":13,"column":53},"end":{"line":13,"column":77}}]}}},"/Users/one19/Fundamentals/js/oBay/controllers/user.js":{"path":"/Users/one19/Fundamentals/js/oBay/controllers/user.js","s":{"1":1,"2":1,"3":1,"4":1,"5":1,"6":16,"7":1,"8":9,"9":1,"10":1,"11":9,"12":9,"13":4,"14":5,"15":10,"16":10,"17":5,"18":13,"19":13,"20":0,"21":13,"22":1,"23":1,"24":0,"25":1,"26":2},"b":{"1":[16,2],"2":[4,5],"3":[9,9],"4":[0,13],"5":[0,1]},"f":{},"fnMap":{},"statementMap":{"1":{"start":{"line":1,"column":0},"end":{"line":1,"column":29}},"2":{"start":{"line":3,"column":0},"end":{"line":3,"column":35}},"3":{"start":{"line":4,"column":0},"end":{"line":4,"column":47}},"4":{"start":{"line":5,"column":0},"end":{"line":5,"column":30}},"5":{"start":{"line":7,"column":0},"end":{"line":12,"column":1}},"6":{"start":{"line":8,"column":2},"end":{"line":11,"column":3}},"7":{"start":{"line":14,"column":0},"end":{"line":16,"column":1}},"8":{"start":{"line":15,"column":2},"end":{"line":15,"column":22}},"9":{"start":{"line":18,"column":0},"end":{"line":18,"column":50}},"10":{"start":{"line":20,"column":0},"end":{"line":52,"column":2}},"11":{"start":{"line":22,"column":4},"end":{"line":22,"column":36}},"12":{"start":{"line":23,"column":4},"end":{"line":26,"column":5}},"13":{"start":{"line":24,"column":6},"end":{"line":25,"column":24}},"14":{"start":{"line":28,"column":4},"end":{"line":31,"column":11}},"15":{"start":{"line":29,"column":6},"end":{"line":29,"column":29}},"16":{"start":{"line":30,"column":6},"end":{"line":30,"column":14}},"17":{"start":{"line":33,"column":4},"end":{"line":34,"column":21}},"18":{"start":{"line":37,"column":4},"end":{"line":37,"column":33}},"19":{"start":{"line":38,"column":4},"end":{"line":38,"column":45}},"20":{"start":{"line":38,"column":16},"end":{"line":38,"column":45}},"21":{"start":{"line":39,"column":4},"end":{"line":40,"column":23}},"22":{"start":{"line":43,"column":4},"end":{"line":43,"column":33}},"23":{"start":{"line":44,"column":4},"end":{"line":44,"column":45}},"24":{"start":{"line":44,"column":16},"end":{"line":44,"column":45}},"25":{"start":{"line":45,"column":4},"end":{"line":46,"column":23}},"26":{"start":{"line":49,"column":4},"end":{"line":50,"column":23}}},"branchMap":{"1":{"line":9,"type":"binary-expr","locations":[{"start":{"line":9,"column":12},"end":{"line":9,"column":34}},{"start":{"line":9,"column":38},"end":{"line":9,"column":52}}]},"2":{"line":23,"type":"if","locations":[{"start":{"line":23,"column":4},"end":{"line":23,"column":4}},{"start":{"line":23,"column":4},"end":{"line":23,"column":4}}]},"3":{"line":23,"type":"binary-expr","locations":[{"start":{"line":23,"column":8},"end":{"line":23,"column":14}},{"start":{"line":23,"column":18},"end":{"line":23,"column":27}}]},"4":{"line":38,"type":"if","locations":[{"start":{"line":38,"column":4},"end":{"line":38,"column":4}},{"start":{"line":38,"column":4},"end":{"line":38,"column":4}}]},"5":{"line":44,"type":"if","locations":[{"start":{"line":44,"column":4},"end":{"line":44,"column":4}},{"start":{"line":44,"column":4},"end":{"line":44,"column":4}}]}}},"/Users/one19/Fundamentals/js/oBay/routes/word.js":{"path":"/Users/one19/Fundamentals/js/oBay/routes/word.js","s":{"1":1,"2":1,"3":1,"4":25,"5":0,"6":0,"7":0,"8":1,"9":25,"10":25,"11":1,"12":1,"13":24,"14":1,"15":1,"16":5,"17":1,"18":4,"19":1,"20":13,"21":1,"22":1,"23":1,"24":2},"b":{"1":[1,24],"2":[25,24,5]},"f":{},"fnMap":{},"statementMap":{"1":{"start":{"line":1,"column":0},"end":{"line":1,"column":28}},"2":{"start":{"line":2,"column":0},"end":{"line":2,"column":47}},"3":{"start":{"line":4,"column":0},"end":{"line":10,"column":2}},"4":{"start":{"line":5,"column":2},"end":{"line":9,"column":3}},"5":{"start":{"line":6,"column":4},"end":{"line":6,"column":46}},"6":{"start":{"line":7,"column":4},"end":{"line":7,"column":20}},"7":{"start":{"line":8,"column":4},"end":{"line":8,"column":18}},"8":{"start":{"line":12,"column":0},"end":{"line":18,"column":2}},"9":{"start":{"line":12,"column":23},"end":{"line":18,"column":1}},"10":{"start":{"line":13,"column":2},"end":{"line":16,"column":3}},"11":{"start":{"line":14,"column":4},"end":{"line":14,"column":20}},"12":{"start":{"line":15,"column":4},"end":{"line":15,"column":57}},"13":{"start":{"line":17,"column":2},"end":{"line":17,"column":41}},"14":{"start":{"line":20,"column":0},"end":{"line":50,"column":2}},"15":{"start":{"line":21,"column":2},"end":{"line":25,"column":5}},"16":{"start":{"line":22,"column":4},"end":{"line":24,"column":36}},"17":{"start":{"line":27,"column":2},"end":{"line":31,"column":5}},"18":{"start":{"line":28,"column":4},"end":{"line":30,"column":36}},"19":{"start":{"line":33,"column":2},"end":{"line":37,"column":5}},"20":{"start":{"line":34,"column":4},"end":{"line":36,"column":36}},"21":{"start":{"line":39,"column":2},"end":{"line":43,"column":5}},"22":{"start":{"line":40,"column":4},"end":{"line":42,"column":36}},"23":{"start":{"line":45,"column":2},"end":{"line":49,"column":5}},"24":{"start":{"line":46,"column":4},"end":{"line":48,"column":36}}},"branchMap":{"1":{"line":13,"type":"if","locations":[{"start":{"line":13,"column":2},"end":{"line":13,"column":2}},{"start":{"line":13,"column":2},"end":{"line":13,"column":2}}]},"2":{"line":13,"type":"binary-expr","locations":[{"start":{"line":13,"column":6},"end":{"line":13,"column":18}},{"start":{"line":13,"column":23},"end":{"line":13,"column":49}},{"start":{"line":13,"column":53},"end":{"line":13,"column":77}}]}}},"/Users/one19/Fundamentals/js/oBay/controllers/word.js":{"path":"/Users/one19/Fundamentals/js/oBay/controllers/word.js","s":{"1":1,"2":1,"3":1,"4":1,"5":1,"6":16,"7":1,"8":9,"9":1,"10":1,"11":9,"12":9,"13":4,"14":5,"15":10,"16":10,"17":5,"18":13,"19":13,"20":0,"21":13,"22":1,"23":1,"24":0,"25":1,"26":2},"b":{"1":[16,2],"2":[4,5],"3":[9,9],"4":[0,13],"5":[0,1]},"f":{},"fnMap":{},"statementMap":{"1":{"start":{"line":1,"column":0},"end":{"line":1,"column":29}},"2":{"start":{"line":3,"column":0},"end":{"line":3,"column":35}},"3":{"start":{"line":4,"column":0},"end":{"line":4,"column":47}},"4":{"start":{"line":5,"column":0},"end":{"line":5,"column":30}},"5":{"start":{"line":7,"column":0},"end":{"line":12,"column":1}},"6":{"start":{"line":8,"column":2},"end":{"line":11,"column":3}},"7":{"start":{"line":14,"column":0},"end":{"line":16,"column":1}},"8":{"start":{"line":15,"column":2},"end":{"line":15,"column":22}},"9":{"start":{"line":18,"column":0},"end":{"line":18,"column":50}},"10":{"start":{"line":20,"column":0},"end":{"line":52,"column":2}},"11":{"start":{"line":22,"column":4},"end":{"line":22,"column":36}},"12":{"start":{"line":23,"column":4},"end":{"line":26,"column":5}},"13":{"start":{"line":24,"column":6},"end":{"line":25,"column":24}},"14":{"start":{"line":28,"column":4},"end":{"line":31,"column":11}},"15":{"start":{"line":29,"column":6},"end":{"line":29,"column":29}},"16":{"start":{"line":30,"column":6},"end":{"line":30,"column":14}},"17":{"start":{"line":33,"column":4},"end":{"line":34,"column":21}},"18":{"start":{"line":37,"column":4},"end":{"line":37,"column":33}},"19":{"start":{"line":38,"column":4},"end":{"line":38,"column":45}},"20":{"start":{"line":38,"column":16},"end":{"line":38,"column":45}},"21":{"start":{"line":39,"column":4},"end":{"line":40,"column":23}},"22":{"start":{"line":43,"column":4},"end":{"line":43,"column":33}},"23":{"start":{"line":44,"column":4},"end":{"line":44,"column":45}},"24":{"start":{"line":44,"column":16},"end":{"line":44,"column":45}},"25":{"start":{"line":45,"column":4},"end":{"line":46,"column":23}},"26":{"start":{"line":49,"column":4},"end":{"line":50,"column":23}}},"branchMap":{"1":{"line":9,"type":"binary-expr","locations":[{"start":{"line":9,"column":12},"end":{"line":9,"column":34}},{"start":{"line":9,"column":38},"end":{"line":9,"column":52}}]},"2":{"line":23,"type":"if","locations":[{"start":{"line":23,"column":4},"end":{"line":23,"column":4}},{"start":{"line":23,"column":4},"end":{"line":23,"column":4}}]},"3":{"line":23,"type":"binary-expr","locations":[{"start":{"line":23,"column":8},"end":{"line":23,"column":14}},{"start":{"line":23,"column":18},"end":{"line":23,"column":27}}]},"4":{"line":38,"type":"if","locations":[{"start":{"line":38,"column":4},"end":{"line":38,"column":4}},{"start":{"line":38,"column":4},"end":{"line":38,"column":4}}]},"5":{"line":44,"type":"if","locations":[{"start":{"line":44,"column":4},"end":{"line":44,"column":4}},{"start":{"line":44,"column":4},"end":{"line":44,"column":4}}]}}},"/Users/one19/Fundamentals/js/oBay/fixtures/note.js":{"path":"/Users/one19/Fundamentals/js/oBay/fixtures/note.js","s":{"1":1,"2":1,"3":1,"4":1,"5":13},"b":{},"f":{},"fnMap":{},"statementMap":{"1":{"start":{"line":1,"column":0},"end":{"line":1,"column":37}},"2":{"start":{"line":2,"column":0},"end":{"line":2,"column":46}},"3":{"start":{"line":3,"column":0},"end":{"line":3,"column":47}},"4":{"start":{"line":5,"column":0},"end":{"line":9,"column":2}},"5":{"start":{"line":7,"column":4},"end":{"line":7,"column":28}}},"branchMap":{}},"/Users/one19/Fundamentals/js/oBay/fixtures/user.js":{"path":"/Users/one19/Fundamentals/js/oBay/fixtures/user.js","s":{"1":1,"2":1,"3":1,"4":1,"5":13},"b":{},"f":{},"fnMap":{},"statementMap":{"1":{"start":{"line":1,"column":0},"end":{"line":1,"column":37}},"2":{"start":{"line":2,"column":0},"end":{"line":2,"column":46}},"3":{"start":{"line":3,"column":0},"end":{"line":3,"column":47}},"4":{"start":{"line":5,"column":0},"end":{"line":9,"column":2}},"5":{"start":{"line":7,"column":4},"end":{"line":7,"column":28}}},"branchMap":{}},"/Users/one19/Fundamentals/js/oBay/fixtures/word.js":{"path":"/Users/one19/Fundamentals/js/oBay/fixtures/word.js","s":{"1":1,"2":1,"3":1,"4":1,"5":13},"b":{},"f":{},"fnMap":{},"statementMap":{"1":{"start":{"line":1,"column":0},"end":{"line":1,"column":37}},"2":{"start":{"line":2,"column":0},"end":{"line":2,"column":46}},"3":{"start":{"line":3,"column":0},"end":{"line":3,"column":47}},"4":{"start":{"line":5,"column":0},"end":{"line":9,"column":2}},"5":{"start":{"line":7,"column":4},"end":{"line":7,"column":28}}},"branchMap":{}}}