TN:
SF:/Users/one19/Fundamentals/js/oBay/test.js
FN:12,(anonymous_1)
FN:17,(anonymous_2)
FNF:2
FNH:2
FNDA:3,(anonymous_1)
FNDA:3,(anonymous_2)
DA:1,1
DA:2,1
DA:3,1
DA:5,1
DA:6,1
DA:7,1
DA:9,1
DA:10,1
DA:12,1
DA:13,3
DA:14,3
DA:15,3
DA:16,3
DA:18,3
DA:22,1
DA:23,1
DA:24,1
DA:25,1
LF:18
LH:18
BRDA:13,1,0,0
BRDA:13,1,1,3
BRDA:14,2,0,0
BRDA:14,2,1,3
BRDA:15,3,0,0
BRDA:15,3,1,3
BRF:6
BRH:3
end_of_record
TN:
SF:/Users/one19/Fundamentals/js/oBay/setup.js
FNF:0
FNH:0
DA:1,1
DA:2,1
DA:4,1
DA:6,1
DA:7,3
DA:10,1
DA:11,1
DA:13,0
DA:14,0
DA:15,0
DA:18,3
LF:11
LH:8
BRDA:14,1,0,0
BRDA:14,1,1,0
BRF:2
BRH:0
end_of_record
TN:
SF:/Users/one19/Fundamentals/js/oBay/lib/db.js
FNF:0
FNH:0
DA:1,1
DA:2,1
DA:3,1
DA:5,1
DA:7,1
LF:5
LH:5
BRF:0
BRH:0
end_of_record
TN:
SF:/Users/one19/Fundamentals/js/oBay/tables/note.js
FNF:0
FNH:0
DA:1,1
DA:3,1
DA:4,1
DA:6,0
DA:7,0
DA:10,1
LF:6
LH:4
BRDA:6,1,0,0
BRDA:6,1,1,0
BRF:2
BRH:0
end_of_record
TN:
SF:/Users/one19/Fundamentals/js/oBay/tables/user.js
FNF:0
FNH:0
DA:1,1
DA:3,1
DA:4,1
DA:6,0
DA:7,0
DA:10,1
LF:6
LH:4
BRDA:6,1,0,0
BRDA:6,1,1,0
BRF:2
BRH:0
end_of_record
TN:
SF:/Users/one19/Fundamentals/js/oBay/tables/word.js
FNF:0
FNH:0
DA:1,1
DA:3,1
DA:4,1
DA:6,0
DA:7,0
DA:10,1
LF:6
LH:4
BRDA:6,1,0,0
BRDA:6,1,1,0
BRF:2
BRH:0
end_of_record
TN:
SF:/Users/one19/Fundamentals/js/oBay/index.js
FN:17,(anonymous_1)
FNF:1
FNH:0
FNDA:0,(anonymous_1)
DA:1,1
DA:2,1
DA:3,1
DA:4,1
DA:5,1
DA:7,1
DA:8,1
DA:9,1
DA:11,1
DA:13,1
DA:14,3
DA:17,1
DA:18,0
DA:21,1
LF:14
LH:13
BRF:0
BRH:0
end_of_record
TN:
SF:/Users/one19/Fundamentals/js/oBay/env.js
FNF:0
FNH:0
DA:1,1
DA:3,1
LF:2
LH:2
BRF:0
BRH:0
end_of_record
TN:
SF:/Users/one19/Fundamentals/js/oBay/routes/note.js
FNF:0
FNH:0
DA:1,1
DA:2,1
DA:4,1
DA:5,25
DA:6,0
DA:7,0
DA:8,0
DA:12,25
DA:13,25
DA:14,1
DA:15,1
DA:17,24
DA:20,1
DA:21,1
DA:22,5
DA:27,1
DA:28,4
DA:33,1
DA:34,13
DA:39,1
DA:40,1
DA:45,1
DA:46,2
LF:23
LH:20
BRDA:13,1,0,1
BRDA:13,1,1,24
BRDA:13,2,0,25
BRDA:13,2,1,24
BRDA:13,2,2,5
BRF:5
BRH:5
end_of_record
TN:
SF:/Users/one19/Fundamentals/js/oBay/controllers/note.js
FNF:0
FNH:0
DA:1,1
DA:3,1
DA:4,1
DA:5,1
DA:7,1
DA:8,16
DA:14,1
DA:15,9
DA:18,1
DA:20,1
DA:22,9
DA:23,9
DA:24,4
DA:28,5
DA:29,10
DA:30,10
DA:33,5
DA:37,13
DA:38,13
DA:39,13
DA:43,1
DA:44,1
DA:45,1
DA:49,2
LF:24
LH:24
BRDA:9,1,0,16
BRDA:9,1,1,2
BRDA:23,2,0,4
BRDA:23,2,1,5
BRDA:23,3,0,9
BRDA:23,3,1,9
BRDA:38,4,0,0
BRDA:38,4,1,13
BRDA:44,5,0,0
BRDA:44,5,1,1
BRF:10
BRH:8
end_of_record
TN:
SF:/Users/one19/Fundamentals/js/oBay/routes/user.js
FNF:0
FNH:0
DA:1,1
DA:2,1
DA:4,1
DA:5,25
DA:6,0
DA:7,0
DA:8,0
DA:12,25
DA:13,25
DA:14,1
DA:15,1
DA:17,24
DA:20,1
DA:21,1
DA:22,5
DA:27,1
DA:28,4
DA:33,1
DA:34,13
DA:39,1
DA:40,1
DA:45,1
DA:46,2
LF:23
LH:20
BRDA:13,1,0,1
BRDA:13,1,1,24
BRDA:13,2,0,25
BRDA:13,2,1,24
BRDA:13,2,2,5
BRF:5
BRH:5
end_of_record
TN:
SF:/Users/one19/Fundamentals/js/oBay/controllers/user.js
FNF:0
FNH:0
DA:1,1
DA:3,1
DA:4,1
DA:5,1
DA:7,1
DA:8,16
DA:14,1
DA:15,9
DA:18,1
DA:20,1
DA:22,9
DA:23,9
DA:24,4
DA:28,5
DA:29,10
DA:30,10
DA:33,5
DA:37,13
DA:38,13
DA:39,13
DA:43,1
DA:44,1
DA:45,1
DA:49,2
LF:24
LH:24
BRDA:9,1,0,16
BRDA:9,1,1,2
BRDA:23,2,0,4
BRDA:23,2,1,5
BRDA:23,3,0,9
BRDA:23,3,1,9
BRDA:38,4,0,0
BRDA:38,4,1,13
BRDA:44,5,0,0
BRDA:44,5,1,1
BRF:10
BRH:8
end_of_record
TN:
SF:/Users/one19/Fundamentals/js/oBay/routes/word.js
FNF:0
FNH:0
DA:1,1
DA:2,1
DA:4,1
DA:5,25
DA:6,0
DA:7,0
DA:8,0
DA:12,25
DA:13,25
DA:14,1
DA:15,1
DA:17,24
DA:20,1
DA:21,1
DA:22,5
DA:27,1
DA:28,4
DA:33,1
DA:34,13
DA:39,1
DA:40,1
DA:45,1
DA:46,2
LF:23
LH:20
BRDA:13,1,0,1
BRDA:13,1,1,24
BRDA:13,2,0,25
BRDA:13,2,1,24
BRDA:13,2,2,5
BRF:5
BRH:5
end_of_record
TN:
SF:/Users/one19/Fundamentals/js/oBay/controllers/word.js
FNF:0
FNH:0
DA:1,1
DA:3,1
DA:4,1
DA:5,1
DA:7,1
DA:8,16
DA:14,1
DA:15,9
DA:18,1
DA:20,1
DA:22,9
DA:23,9
DA:24,4
DA:28,5
DA:29,10
DA:30,10
DA:33,5
DA:37,13
DA:38,13
DA:39,13
DA:43,1
DA:44,1
DA:45,1
DA:49,2
LF:24
LH:24
BRDA:9,1,0,16
BRDA:9,1,1,2
BRDA:23,2,0,4
BRDA:23,2,1,5
BRDA:23,3,0,9
BRDA:23,3,1,9
BRDA:38,4,0,0
BRDA:38,4,1,13
BRDA:44,5,0,0
BRDA:44,5,1,1
BRF:10
BRH:8
end_of_record
TN:
SF:/Users/one19/Fundamentals/js/oBay/fixtures/note.js
FNF:0
FNH:0
DA:1,1
DA:2,1
DA:3,1
DA:5,1
DA:7,13
LF:5
LH:5
BRF:0
BRH:0
end_of_record
TN:
SF:/Users/one19/Fundamentals/js/oBay/fixtures/user.js
FNF:0
FNH:0
DA:1,1
DA:2,1
DA:3,1
DA:5,1
DA:7,13
LF:5
LH:5
BRF:0
BRH:0
end_of_record
TN:
SF:/Users/one19/Fundamentals/js/oBay/fixtures/word.js
FNF:0
FNH:0
DA:1,1
DA:2,1
DA:3,1
DA:5,1
DA:7,13
LF:5
LH:5
BRF:0
BRH:0
end_of_record
