TN:
SF:/Users/one19/Fundamentals/js/oBay/test.js
FN:14,(anonymous_1)
FN:19,(anonymous_2)
FNF:2
FNH:2
FNDA:4,(anonymous_1)
FNDA:4,(anonymous_2)
DA:1,1
DA:2,1
DA:3,1
DA:5,1
DA:6,1
DA:7,1
DA:9,1
DA:11,1
DA:12,1
DA:14,1
DA:15,4
DA:16,4
DA:17,4
DA:18,4
DA:20,4
DA:24,1
DA:25,1
DA:26,1
DA:27,1
LF:19
LH:19
BRDA:15,1,0,0
BRDA:15,1,1,4
BRDA:16,2,0,0
BRDA:16,2,1,4
BRDA:17,3,0,0
BRDA:17,3,1,4
BRF:6
BRH:3
end_of_record
TN:
SF:/Users/one19/Fundamentals/js/oBay/setup.js
FNF:0
FNH:0
DA:1,1
DA:2,1
DA:4,1
DA:6,1
DA:7,4
DA:10,1
DA:11,1
DA:13,0
DA:14,0
DA:15,0
DA:18,4
LF:11
LH:8
BRDA:14,1,0,0
BRDA:14,1,1,0
BRF:2
BRH:0
end_of_record
TN:
SF:/Users/one19/Fundamentals/js/oBay/lib/db.js
FNF:0
FNH:0
DA:1,1
DA:2,1
DA:3,1
DA:5,1
DA:7,1
LF:5
LH:5
BRF:0
BRH:0
end_of_record
TN:
SF:/Users/one19/Fundamentals/js/oBay/tables/note.js
FNF:0
FNH:0
DA:1,1
DA:3,1
DA:4,1
DA:6,0
DA:7,0
DA:10,1
LF:6
LH:4
BRDA:6,1,0,0
BRDA:6,1,1,0
BRF:2
BRH:0
end_of_record
TN:
SF:/Users/one19/Fundamentals/js/oBay/tables/user.js
FNF:0
FNH:0
DA:1,1
DA:3,1
DA:4,1
DA:6,0
DA:7,0
DA:10,1
LF:6
LH:4
BRDA:6,1,0,0
BRDA:6,1,1,0
BRF:2
BRH:0
end_of_record
TN:
SF:/Users/one19/Fundamentals/js/oBay/tables/word.js
FNF:0
FNH:0
DA:1,1
DA:3,1
DA:4,1
DA:6,0
DA:7,0
DA:10,1
LF:6
LH:4
BRDA:6,1,0,0
BRDA:6,1,1,0
BRF:2
BRH:0
end_of_record
TN:
SF:/Users/one19/Fundamentals/js/oBay/tables/wordGroup.js
FNF:0
FNH:0
DA:1,1
DA:3,1
DA:4,1
DA:6,0
DA:7,0
DA:10,1
LF:6
LH:4
BRDA:6,1,0,0
BRDA:6,1,1,0
BRF:2
BRH:0
end_of_record
TN:
SF:/Users/one19/Fundamentals/js/oBay/index.js
FN:20,(anonymous_1)
FNF:1
FNH:0
FNDA:0,(anonymous_1)
DA:1,1
DA:2,1
DA:3,1
DA:4,1
DA:6,1
DA:7,1
DA:9,1
DA:10,1
DA:12,1
DA:14,1
DA:15,4
DA:16,4
DA:17,4
DA:20,1
DA:21,0
DA:24,1
LF:16
LH:15
BRF:0
BRH:0
end_of_record
TN:
SF:/Users/one19/Fundamentals/js/oBay/env.js
FNF:0
FNH:0
DA:1,1
DA:3,1
LF:2
LH:2
BRF:0
BRH:0
end_of_record
TN:
SF:/Users/one19/Fundamentals/js/oBay/routes/note.js
FNF:0
FNH:0
DA:1,1
DA:2,1
DA:4,1
DA:5,128
DA:6,0
DA:7,0
DA:8,0
DA:12,128
DA:13,128
DA:14,1
DA:15,1
DA:17,127
DA:20,1
DA:22,1
DA:23,0
DA:28,1
DA:29,14
DA:34,1
DA:35,4
DA:40,1
DA:41,106
DA:46,1
DA:47,2
DA:52,1
DA:53,2
DA:59,1
DA:60,1
DA:61,5
DA:63,5
DA:64,228
DA:65,223
DA:66,213
LF:32
LH:28
BRDA:13,1,0,1
BRDA:13,1,1,127
BRDA:13,2,0,128
BRDA:13,2,1,2
BRDA:64,3,0,5
BRDA:64,3,1,223
BRDA:65,4,0,10
BRDA:65,4,1,213
BRF:8
BRH:8
end_of_record
TN:
SF:/Users/one19/Fundamentals/js/oBay/controllers/note.js
FNF:0
FNH:0
DA:1,1
DA:2,1
DA:4,1
DA:5,1
DA:6,1
DA:8,1
DA:9,110
DA:15,1
DA:17,18
DA:18,216
DA:19,216
DA:22,1
DA:23,18
DA:24,34
DA:25,34
DA:27,2
DA:28,2
DA:30,1
DA:31,1
DA:33,31
DA:35,34
DA:39,1
DA:40,18
DA:41,34
DA:42,34
DA:43,34
DA:44,34
DA:45,34
DA:49,1
DA:50,18
DA:53,1
DA:55,18
DA:57,18
DA:58,4
DA:59,4
DA:62,14
DA:64,14
DA:65,14
DA:67,14
DA:68,42
DA:69,9
DA:70,3
DA:72,6
DA:75,42
DA:78,14
DA:81,28
DA:83,15
DA:85,14
DA:86,15
DA:87,15
DA:88,15
DA:89,15
DA:90,15
DA:95,5
DA:96,5
DA:97,1
DA:100,4
DA:102,4
DA:104,4
DA:105,4
DA:106,4
DA:109,4
DA:112,106
DA:113,106
DA:114,106
DA:118,2
DA:119,2
DA:120,2
DA:124,2
DA:126,2
LF:70
LH:70
BRDA:10,1,0,110
BRDA:10,1,1,2
BRDA:25,2,0,2
BRDA:25,2,1,1
BRDA:25,2,2,31
BRDA:44,3,0,15
BRDA:44,3,1,19
BRDA:57,4,0,4
BRDA:57,4,1,14
BRDA:68,5,0,9
BRDA:68,5,1,33
BRDA:69,6,0,3
BRDA:69,6,1,6
BRDA:88,7,0,2
BRDA:88,7,1,13
BRDA:88,8,0,15
BRDA:88,8,1,2
BRDA:89,9,0,0
BRDA:89,9,1,15
BRDA:89,10,0,15
BRDA:89,10,1,0
BRDA:96,11,0,1
BRDA:96,11,1,4
BRDA:96,12,0,5
BRDA:96,12,1,5
BRDA:105,13,0,1
BRDA:105,13,1,3
BRDA:113,14,0,0
BRDA:113,14,1,106
BRDA:119,15,0,0
BRDA:119,15,1,2
BRF:31
BRH:27
end_of_record
TN:
SF:/Users/one19/Fundamentals/js/oBay/routes/user.js
FNF:0
FNH:0
DA:1,1
DA:2,1
DA:4,1
DA:5,128
DA:6,0
DA:7,0
DA:8,0
DA:12,128
DA:13,128
DA:14,1
DA:15,1
DA:17,127
DA:20,1
DA:22,1
DA:23,14
DA:28,1
DA:29,4
DA:34,1
DA:35,106
DA:40,1
DA:41,2
DA:46,1
DA:47,2
DA:53,1
DA:54,1
DA:55,5
DA:57,5
DA:58,228
DA:59,223
DA:60,213
LF:30
LH:27
BRDA:13,1,0,1
BRDA:13,1,1,127
BRDA:13,2,0,128
BRDA:13,2,1,2
BRDA:58,3,0,5
BRDA:58,3,1,223
BRDA:59,4,0,10
BRDA:59,4,1,213
BRF:8
BRH:8
end_of_record
TN:
SF:/Users/one19/Fundamentals/js/oBay/controllers/user.js
FNF:0
FNH:0
DA:1,1
DA:2,1
DA:4,1
DA:5,1
DA:6,1
DA:8,1
DA:9,110
DA:15,1
DA:17,18
DA:18,54
DA:19,54
DA:22,1
DA:23,18
DA:24,34
DA:25,34
DA:27,2
DA:28,2
DA:30,1
DA:31,1
DA:33,31
DA:35,34
DA:39,1
DA:40,18
DA:41,34
DA:42,34
DA:43,34
DA:44,34
DA:45,34
DA:49,1
DA:50,18
DA:53,1
DA:55,18
DA:57,18
DA:58,4
DA:59,4
DA:62,14
DA:64,14
DA:65,14
DA:67,14
DA:68,42
DA:69,9
DA:70,3
DA:72,6
DA:75,42
DA:78,14
DA:81,28
DA:83,15
DA:85,14
DA:86,15
DA:87,15
DA:88,15
DA:89,15
DA:90,15
DA:95,5
DA:96,5
DA:97,1
DA:100,4
DA:102,4
DA:104,4
DA:105,4
DA:106,4
DA:109,4
DA:112,106
DA:113,106
DA:114,106
DA:118,2
DA:119,2
DA:120,2
DA:124,2
DA:126,2
LF:70
LH:70
BRDA:10,1,0,110
BRDA:10,1,1,2
BRDA:25,2,0,2
BRDA:25,2,1,1
BRDA:25,2,2,31
BRDA:44,3,0,15
BRDA:44,3,1,19
BRDA:57,4,0,4
BRDA:57,4,1,14
BRDA:68,5,0,9
BRDA:68,5,1,33
BRDA:69,6,0,3
BRDA:69,6,1,6
BRDA:88,7,0,2
BRDA:88,7,1,13
BRDA:88,8,0,15
BRDA:88,8,1,2
BRDA:89,9,0,0
BRDA:89,9,1,15
BRDA:89,10,0,15
BRDA:89,10,1,0
BRDA:96,11,0,1
BRDA:96,11,1,4
BRDA:96,12,0,5
BRDA:96,12,1,5
BRDA:105,13,0,1
BRDA:105,13,1,3
BRDA:113,14,0,0
BRDA:113,14,1,106
BRDA:119,15,0,0
BRDA:119,15,1,2
BRF:31
BRH:27
end_of_record
TN:
SF:/Users/one19/Fundamentals/js/oBay/routes/word.js
FNF:0
FNH:0
DA:1,1
DA:2,1
DA:4,1
DA:5,128
DA:6,0
DA:7,0
DA:8,0
DA:12,128
DA:13,128
DA:14,1
DA:15,1
DA:17,127
DA:20,1
DA:22,1
DA:23,14
DA:28,1
DA:29,4
DA:34,1
DA:35,106
DA:40,1
DA:41,2
DA:46,1
DA:47,2
DA:53,1
DA:54,1
DA:55,5
DA:57,5
DA:58,228
DA:59,223
DA:60,213
LF:30
LH:27
BRDA:13,1,0,1
BRDA:13,1,1,127
BRDA:13,2,0,128
BRDA:13,2,1,2
BRDA:58,3,0,5
BRDA:58,3,1,223
BRDA:59,4,0,10
BRDA:59,4,1,213
BRF:8
BRH:8
end_of_record
TN:
SF:/Users/one19/Fundamentals/js/oBay/controllers/word.js
FNF:0
FNH:0
DA:1,1
DA:2,1
DA:4,1
DA:5,1
DA:6,1
DA:8,1
DA:9,110
DA:15,1
DA:17,18
DA:18,90
DA:19,90
DA:22,1
DA:23,18
DA:24,34
DA:25,34
DA:27,2
DA:28,2
DA:30,1
DA:31,1
DA:33,31
DA:35,34
DA:39,1
DA:40,18
DA:41,34
DA:42,34
DA:43,34
DA:44,34
DA:45,34
DA:49,1
DA:50,18
DA:53,1
DA:55,18
DA:57,18
DA:58,4
DA:59,4
DA:62,14
DA:64,14
DA:65,14
DA:67,14
DA:68,42
DA:69,9
DA:70,3
DA:72,6
DA:75,42
DA:78,14
DA:81,28
DA:83,15
DA:85,14
DA:86,15
DA:87,15
DA:88,15
DA:89,15
DA:90,15
DA:95,5
DA:96,5
DA:97,1
DA:100,4
DA:102,4
DA:104,4
DA:105,4
DA:106,4
DA:109,4
DA:112,106
DA:113,106
DA:114,106
DA:118,2
DA:119,2
DA:120,2
DA:124,2
DA:126,2
LF:70
LH:70
BRDA:10,1,0,110
BRDA:10,1,1,2
BRDA:25,2,0,2
BRDA:25,2,1,1
BRDA:25,2,2,31
BRDA:44,3,0,15
BRDA:44,3,1,19
BRDA:57,4,0,4
BRDA:57,4,1,14
BRDA:68,5,0,9
BRDA:68,5,1,33
BRDA:69,6,0,3
BRDA:69,6,1,6
BRDA:88,7,0,2
BRDA:88,7,1,13
BRDA:88,8,0,15
BRDA:88,8,1,2
BRDA:89,9,0,0
BRDA:89,9,1,15
BRDA:89,10,0,15
BRDA:89,10,1,0
BRDA:96,11,0,1
BRDA:96,11,1,4
BRDA:96,12,0,5
BRDA:96,12,1,5
BRDA:105,13,0,1
BRDA:105,13,1,3
BRDA:113,14,0,0
BRDA:113,14,1,106
BRDA:119,15,0,0
BRDA:119,15,1,2
BRF:31
BRH:27
end_of_record
TN:
SF:/Users/one19/Fundamentals/js/oBay/routes/wordGroup.js
FNF:0
FNH:0
DA:1,1
DA:2,1
DA:4,1
DA:5,128
DA:6,0
DA:7,0
DA:8,0
DA:12,128
DA:13,128
DA:14,1
DA:15,1
DA:17,127
DA:20,1
DA:22,1
DA:23,14
DA:28,1
DA:29,4
DA:34,1
DA:35,106
DA:40,1
DA:41,2
DA:46,1
DA:47,2
DA:53,1
DA:54,1
DA:55,5
DA:57,5
DA:58,228
DA:59,223
DA:60,213
LF:30
LH:27
BRDA:13,1,0,1
BRDA:13,1,1,127
BRDA:13,2,0,128
BRDA:13,2,1,2
BRDA:58,3,0,5
BRDA:58,3,1,223
BRDA:59,4,0,10
BRDA:59,4,1,213
BRF:8
BRH:8
end_of_record
TN:
SF:/Users/one19/Fundamentals/js/oBay/controllers/wordGroup.js
FNF:0
FNH:0
DA:1,1
DA:2,1
DA:4,1
DA:5,1
DA:6,1
DA:8,1
DA:9,110
DA:15,1
DA:17,18
DA:18,90
DA:19,90
DA:22,1
DA:23,18
DA:24,34
DA:25,34
DA:27,2
DA:28,2
DA:30,1
DA:31,1
DA:33,31
DA:35,34
DA:39,1
DA:40,18
DA:41,34
DA:42,34
DA:43,34
DA:44,34
DA:45,34
DA:49,1
DA:50,18
DA:53,1
DA:55,18
DA:57,18
DA:58,4
DA:59,4
DA:62,14
DA:64,14
DA:65,14
DA:67,14
DA:68,42
DA:69,9
DA:70,3
DA:72,6
DA:75,42
DA:78,14
DA:81,28
DA:83,15
DA:85,14
DA:86,15
DA:87,15
DA:88,15
DA:89,15
DA:90,15
DA:95,5
DA:96,5
DA:97,1
DA:100,4
DA:102,4
DA:104,4
DA:105,4
DA:106,4
DA:109,4
DA:112,106
DA:113,106
DA:114,106
DA:118,2
DA:119,2
DA:120,2
DA:124,2
DA:126,2
LF:70
LH:70
BRDA:10,1,0,110
BRDA:10,1,1,2
BRDA:25,2,0,2
BRDA:25,2,1,1
BRDA:25,2,2,31
BRDA:44,3,0,15
BRDA:44,3,1,19
BRDA:57,4,0,4
BRDA:57,4,1,14
BRDA:68,5,0,9
BRDA:68,5,1,33
BRDA:69,6,0,3
BRDA:69,6,1,6
BRDA:88,7,0,2
BRDA:88,7,1,13
BRDA:88,8,0,15
BRDA:88,8,1,2
BRDA:89,9,0,0
BRDA:89,9,1,15
BRDA:89,10,0,15
BRDA:89,10,1,0
BRDA:96,11,0,1
BRDA:96,11,1,4
BRDA:96,12,0,5
BRDA:96,12,1,5
BRDA:105,13,0,1
BRDA:105,13,1,3
BRDA:113,14,0,0
BRDA:113,14,1,106
BRDA:119,15,0,0
BRDA:119,15,1,2
BRF:31
BRH:27
end_of_record
TN:
SF:/Users/one19/Fundamentals/js/oBay/fixtures/note.js
FN:17,(anonymous_1)
FN:20,(anonymous_2)
FNF:2
FNH:1
FNDA:1,(anonymous_1)
FNDA:0,(anonymous_2)
DA:1,1
DA:2,1
DA:3,1
DA:5,1
DA:17,1
DA:19,1
DA:21,0
DA:22,0
DA:23,0
DA:24,0
DA:26,0
DA:29,1
DA:32,1
DA:34,106
LF:14
LH:9
BRF:0
BRH:0
end_of_record
TN:
SF:/Users/one19/Fundamentals/js/oBay/fixtures/user.js
FNF:0
FNH:0
DA:1,1
DA:2,1
DA:3,1
DA:5,1
DA:7,106
LF:5
LH:5
BRF:0
BRH:0
end_of_record
TN:
SF:/Users/one19/Fundamentals/js/oBay/fixtures/word.js
FN:17,(anonymous_1)
FN:20,(anonymous_2)
FNF:2
FNH:1
FNDA:1,(anonymous_1)
FNDA:0,(anonymous_2)
DA:1,1
DA:2,1
DA:3,1
DA:5,1
DA:17,1
DA:18,1
DA:19,1
DA:21,0
DA:22,0
DA:23,0
DA:24,0
DA:26,0
DA:29,1
DA:32,1
DA:34,106
LF:15
LH:10
BRF:0
BRH:0
end_of_record
TN:
SF:/Users/one19/Fundamentals/js/oBay/fixtures/wordGroup.js
FNF:0
FNH:0
DA:1,1
DA:2,1
DA:3,1
DA:5,1
DA:7,106
LF:5
LH:5
BRF:0
BRH:0
end_of_record
